working on sixfoothobbit
	visited: ['AskUK', 'atheism', 'linux4noobs', 'linuxquestions', 'learnprogramming', 'gaming', 'Archery', 'IAmA', 'EarthPorn', 'news', 'unitedkingdom', 'pics', 'Showerthoughts', 'nottheonion', 'todayilearned', 'movies', 'space', 'worldnews', 'funny']
working on EndlessVegetables
	visited: ['Munchkin', 'DnD', 'atheism', 'gggg', 'Westmount', 'Hamilton', 'explainlikeimfive', 'videos', 'AskReddit', 'AdviceAnimals', 'WTF', 'rpg', 'TheFacebookDelusion', 'chiptunes', 'introvert', 'Showerthoughts', 'mildlyinteresting']
working on lalo14
	visited: ['Android', 'aww', 'WTF', 'ImGoingToHellForThis', 'creepy', 'mildlyinteresting', 'cringepics', 'funny', 'atheism', 'pics', 'politics', 'AndroidQuestions', 'Pontiac', 'progresspics', 'Gore', 'AskReddit', 'nintendo', 'todayilearned', 'trashy', 'technology', 'woahdude', 'gaming', 'gifs']
working on AptCasaNova
	visited: ['TwoXChromosomes', 'introvert', 'PersonalFinanceCanada', 'Dentistry', 'femalefashionadvice', 'relationship_advice', 'funny', 'AskDocs', 'INTP', 'atheism', 'TheGirlSurvivalGuide', 'AskWomen']
working on kennyh13
	visited: ['atheism']
working on moonflower
	visited: ['MovieQuotePuzzle', 'TheRedLion', 'pics', 'videos', 'counting', 'britishproblems', 'redditrequest', 'misleadingthumbnails', 'todayilearned', 'GenderTalk', 'HomeImprovement', 'Showerthoughts', 'AskWomen', 'detransitioning', 'QualityPhotos', 'askscience', 'oddlysatisfying', 'AskUK', 'happy', 'atheism', 'FantasyPL', 'soccer', 'changemyview', 'AskReddit', 'WTF']
working on Crapspray
	visited: ['atheism', 'Astronomy', 'Luthier', 'funny', 'ExpectationVsReality', 'Music', 'AskReddit', 'woahdude', 'tifu', 'WTF', 'mildlyinteresting']
working on IN2L
	visited: ['theydidthemath', 'HIMYM', 'Fitness', 'Cardiff', 'AdviceAnimals', 'Forex', 'angrybirds', 'AskReddit', 'WTF', 'thatHappened', 'DeepIntoYouTube', 'videos', 'Chennai', 'Christianity', 'Fifa13', 'see', 'askscience', 'AskEngineers', 'atheism', 'htcone', 'interestingasfuck', 'Eyebleach', 'asktrp', 'MovieFights', 'Dance', 'LifeProTips', 'todayilearned', 'youtube', 'unitedkingdom']
working on tsingi
	visited: ['atheism', 'canada', 'restorethefourth', 'worldnews', 'tampa', 'Christianity', 'EverythingScience', 'Athism', 'FreeAtheism', 'bad_religion', 'meshottawa', 'ottawa', 'politics']
working on spaceghoti
	visited: ['atheism', 'FreeAtheism', 'Feminism', 'GodlessWomen', 'climatskeptics', 'politics', 'TwoXChromosomes', 'DebateReligion', 'TrueReddit', 'DebateAnAtheist', 'skeptic']
working on BryndenOfHouseStark
	visited: ['AskReddit', 'aww', 'explainlikeimfive', 'askscience', 'atheism', 'DIY', 'todayilearned', 'creepy', 'Futurology', 'religion', 'food', 'IAmA', 'science', 'pics', 'Showerthoughts']
working on jabbaciv
	visited: ['AirForce', 'TheDarkTower', 'TumblrCirclejerk', 'nflcirclejerk', 'masseffect', 'talesfromtechsupport', 'southpark', 'Fireteams', 'techsupport', 'spiders', 'Pathfinder_RPG', 'askscience', 'Guildwars2', 'atheism', 'bestof', 'DicePorn', 'todayilearned', 'politics', 'MosinNagant', 'nottheonion', 'science', 'wow', 'GoneWildHairy']
working on ETbyrne
	visited: ['atheism', 'Minecraft', 'worldnews', 'pics']
working on junction182736
	visited: ['musictheory', 'led_zeppelin', 'atheism', 'FreeAtheism', 'exchristian', 'TheFacebookDelusion', 'AdviceAtheists', 'atheistvids', 'interestingasfuck']
working on liarandahorsethief
	visited: ['buildapc', 'AdviceAnimals', 'atheism', 'funny', 'AskReddit', 'wow', 'army', 'todayilearned', 'movies', 'printSF', 'TrueReddit', 'worldnews', 'pics', 'IAmA']
working on mhass24
	visited: ['AskReddit', 'redditisfun', 'AndroidQuestions', 'androidapps', 'medicine', 'findareddit', 'askscience', 'todayilearned', 'Military', 'bodybuilding', 'booksuggestions', 'casualiama', 'AskMen', 'OldSchoolCool', 'Showerthoughts', 'medicalschool', 'Harvard', 'IAmA', 'AskHistorians', 'changemyview', 'ipad', 'orthopaedics', 'optometry', 'doesthissubexist', 'computertechs', 'techsupport', 'pakistan', 'atheism', '4chan', 'firstworldanarchists', 'ExplorePakistan', 'trashy', 'ClashOfClans', 'AskDocs', 'worldnews', 'pics', 'funny']
working on vienessewaltzer
	visited: ['Puppet', 'classicalguitar', 'lotr', 'linuxadmin', 'Guitar', 'funny', 'WoT', 'dune', 'Denver', 'writing', 'videos', 'TechnicalDeathMetal', 'chess', 'grindcore', 'atheism', 'RATS', 'aww', 'AdviceAnimals', 'Astronomy', 'Bad_Cop_No_Donut', 'bodybuilding', 'OkCupid', 'gentlemanbastards', 'Android', 'books', 'Anarcho_Capitalism', 'Colorado']
working on LadyAtheist
	visited: ['atheism', 'blues', 'worldnews']
working on thestickystickman
	visited: ['civ', 'mindcrack', 'civsaves', 'skyrim', 'buildapc', 'CasualConversation', 'Minecraft', 'pcmasterrace', 'German', 'wiiu', 'nintendo', 'CrappyDesign', 'tf2', 'GermanAssessment2014', 'gaming', 'zelda', 'tf2trade', '2spooky4me', 'medical', 'AskReddit', 'whatsmyimpression', 'explainlikeimfive', 'ImAParanoidIdiot', 'atheism', 'polandball', 'comics', 'outside', 'worldnews', 'aww', 'gifs', 'circlejerk']
working on Azara1th
	visited: ['Trucks', 'Android', 'askcarsales', 'hometheater', 'cars', 'SampleSize', 'GTAA', 'GrandTheftAutoV', 'motorcycles', 'Pets', 'legaladvice', 'reddit_news', 'techsupport', 'gaming', 'AndroidQuestions', 'Fixxit', 'headphones', 'geoguessr', 'htcone', 'craigslist', 'tmobile', 'ATT', 'MTB', 'skyrim', 'atheism', 'buildapc', 'TheFacebookDelusion', 'aww', 'cyanogenmod', 'AskReddit', 'galaxynote4', 'Dallas']
working on KyOatey
	visited: ['Punny', 'InboxInvites', 'Colorado', 'AskReddit', 'Android', 'flying', 'IAmA', 'atheism', 'funny', 'Hypothyroidism', 'playrust', 'CCW', 'Ubuntu', 'trees', 'cars', 'videos', 'malefashionadvice', 'Fitness', 'writing', 'shouldimod', 'worldnews', 'FierceFlow', 'boulder']
working on CrimsonEternal
	visited: ['circlejerk', 'atheism', 'educationalgifs', 'pcmasterrace', 'pics', 'AskReddit', 'science', 'gifs', 'punchablefaces', 'aww', 'freedomearth', 'gaming', 'Metaphysics', 'worldnews', 'AdviceAnimals', 'WritingPrompts', 'Denmark']
working on MiaowaraShiro
	visited: ['hometheater', 'Porsche', 'explainlikeimfive', 'trees', 'gaming', 'atheism', 'todayilearned', 'pics', 'technology', 'politics', 'cordcutters', 'MTB', 'funny', 'movies', 'videos', 'DIY', 'interestingasfuck', 'worldnews', 'eldertrees']
working on skizmo
	visited: ['spam', 'atheism', 'InternetIsBeautiful', 'programming', 'technology', 'worldnews', 'Futurology', 'AskReddit', 'pics', 'science', 'Unity3D', 'Unexpected']
working on CreepyPhotographer
	visited: ['AskReddit', 'GoneGoogly', 'newsubreddits', 'newreddits', '195', 'nude', 'RealLatinas', 'AskRedDot', 'nsfw', 'Boobies', 'RealGirls', 'cloudtobutt', 'nothinghere', 'atheism', 'r4r', 'Rateme', 'realasians', 'evenwithcontext']
working on shwarma_heaven
	visited: ['FinancialPlanning', 'Showerthoughts', 'aww', 'atheism', 'funny', 'politics', 'Police_v_Video', 'movies', 'news', 'gunpolitics', 'economy', 'AskReddit', 'AdviceAnimals', 'investing', 'WTF', 'science', 'trees', 'sex', 'MMA', 'Economics', 'photoshopbattles', 'tifu', 'IAmA', 'gaming']
working on beckoning_cat
	visited: ['thewalkingdead', 'atheism', 'TheLastAirbender', 'AskReddit', 'LadyBoners', 'startrek', 'WhereAreTheFeminists', 'thesims', 'feminisms', 'TrueBlood', 'RATS', 'divergent', 'pics', 'todayilearned', 'AdviceAnimals', 'aww', 'AbandonedPorn', 'funny', 'gameofthrones', 'television', 'mildlyinteresting', 'Divorce']
working on follier
	visited: ['playrust', 'TrueAtheism', 'ProgrammerHumor', 'funny', 'PixelDungeon', 'atheism', 'skeptic', 'cloudcomputing', 'SQL', 'bestof', 'mysql', 'RealEstate', 'short', 'nosleep', 'commandline', 'pics', 'tipofmytongue', 'Parenting', 'AskReddit', 'science', 'spam', 'Art', 'fffffffuuuuuuuuuuuu', 'scifi', 'politics', 'worldnews', 'personalfinance', 'nottheonion', 'comics', 'raisedbynarcissists', 'TwoXChromosomes', 'todayilearned']
working on Compromissionary
	visited: ['atheism', 'movies', 'Metal']
working on aykontakt
	visited: ['Whatisthis', 'photoshopbattles', 'AskReddit', 'atheism', 'worldnews', 'todayilearned', 'WTF', 'funny', 'AnimalsBeingJerks', 'pics']
working on mytroc
	visited: ['atheism', 'TrueAtheism', 'DebateReligion', 'philosophy', 'explainlikeimfive']
working on Yagihige
	visited: ['KotakuInAction', 'atheistvids', 'soccer', 'videos', 'atheism', 'Music', 'AskReddit', 'gaming', 'todayilearned', 'TrueAtheism', 'WTF', 'Slipknot', 'politics']
working on Havok1223
	visited: ['doctorwho', 'gameofthrones', 'gaming', 'oculus', 'boardgames', 'pics', 'beertrade', 'atheism', 'Christianity', 'Minecraft', 'changemyview', 'politics', 'TrueAtheism', 'DebateAnAtheist', 'DebateReligion']
working on junkeee999
	visited: ['movies', 'OutOfTheLoop', 'explainlikeimfive', 'beer', 'sailing', 'minnesota', 'circlejerk', 'gentlemanboners', 'firstworldproblems', 'self', 'atheism', 'reddit.com', 'todayilearned', 'photography', 'bicycling', 'AskReddit', 'photocritique', 'environment', 'politics', 'AskMen', 'conspiracy', 'timberwolves', 'MensRights', 'AdviceAnimals', 'nottheonion', 'skeptic', 'conspiratard']
working on Truktyre
	visited: ['atheism', 'WTF', 'exmormon', 'funny', 'skyrim', 'gaming']
working on THE_IRL_JESUS
	visited: ['atheism', 'Fireteams', 'SF4', 'DestinyTheGame', 'MortalKombat', 'Advice', 'AskReddit', 'mk9', 'runescape', 'gaming', 'jobs', 'HomeworkHelp', 'books', 'shakespeare', 'explainlikeimfive', 'Music', 'videos', 'tifu', 'bigdickproblems']
working on dangsos
	visited: ['mentalhealth', 'cscareerquestions', 'atheism', 'Christianity', 'learnprogramming', 'politics', 'PoliticalDiscussion', 'ronpaul', 'legaladvice', 'cigars', 'Survival', 'tifu', 'linux']
working on blacy0520
	visited: ['EliteDangerous', 'gaming', 'notinteresting', 'ChivalryGame', 'cats', 'playrust', 'food', 'atheism', 'starcitizen', 'bestof', 'AskReddit', 'Eve', 'conspiracy', 'worldnews', 'funny', 'videos', 'WTF']
working on Tyrath
	visited: ['bravefrontier', 'bdfc', 'asoiaf', 'atheism', 'worldcup', 'movies', 'AdviceAnimals', 'gaming', 'firstworldproblems', 'funny', 'cats', 'aww', 'EmmaWatson', 'atheistvids', 'leagueoflegends', 'PlayStationPlus']
working on Warghul
	visited: ['atheism', 'JusticePorn', 'dayz', 'amateurfights', 'yesyesyesyesno', 'MyPeopleNeedMe', 'nononono', 'Whatcouldgowrong']
working on glassbattery
	visited: ['Christianity']
working on Rrrrrrr777
	visited: ['DebateAChristian', 'nocontext', 'AskReddit', 'AdviceAnimals', 'AskMen', 'OkCupid', 'patientgamers', 'tea', 'Screenwriting', 'DebateReligion', 'Judaism', 'Israel', 'Gin', 'todayilearned', 'canada', 'writing', 'books', 'aww', 'Christianity', 'movies', 'relationships', 'AskMenOver30', 'Harmontown']
working on Kanshan
	visited: ['Christianity', 'OrthodoxChristianity', 'TrueChristian', 'techsupportgore', 'Animesuggest', 'swordartonline', 'RadicalChristianity', 'anime', 'Sidehugs', 'christianitygaming', 'Judaism', 'windowsphone', 'shittyaskscience', 'sysadmin', 'AskScienceFiction', 'brokehugs']
working on unwantedhero
	visited: ['cars', 'CasualPokemonTrades', 'pokemon', 'wow', 'DnD', 'Volkswagen', 'friendsafari', 'BreedingDittos', 'NoFap', 'ESOGuilds', 'Wicca', 'Fitness', 'SuggestALaptop', 'adventism', 'HomeworkHelp', 'Proofreading', 'nursing', 'techsupport', 'Christianity', 'AskReddit', 'skyrim', 'gaming', 'elderscrollsonline', 'funny', 'TrueChristian', 'worldnews', 'AdviceAnimals', 'malegrooming', 'todayilearned', 'pcmasterrace', 'pics', 'rpg']
working on ReverseRaymond
	visited: ['Christianity', 'gaybros', 'humor', 'inthenews', 'news', 'HealthyWeightLoss', 'netsec', 'dcbeer', 'washingtondc', 'aagreversemortgage', 'Libertarian', 'funny', 'investing', 'Autos', 'urbanplanning', 'realtors']
working on donmartell
	visited: ['Attackontitangame', 'worldnews', 'news', 'movies', 'videos', 'louie', 'explainlikeimfive', 'todayilearned', 'trees', 'AskReddit', 'gaming', 'Christianity', 'Anjelica_Ebbi', 'gonewild', 'Rateme', 'attackontitan', 'PS4', 'feet', 'halo', 'funny', 'malefashionadvice', 'amiugly', 'IAmA', 'WTF', 'food', 'malehairadvice', 'aww', 'cringepics', 'see', 'chicagotrees', 'keto']
working on corathus59
	visited: ['CredibleDefense', 'EQ2', 'POLITIC', 'Christianity', 'ainbow', 'civ', 'books', 'raisedbynarcissists', 'LifeAfterNarcissism', 'cultkids', 'CivStrategy', 'gaymers', 'movies', 'lgbt', 'AsianParentStories', 'LessCredibleDefence', 'geopolitics', 'gaybros', 'scifi', 'history', 'gay']
working on LuluThePanda
	visited: ['raisedbynarcissists', 'kilt', 'OrthodoxChristianity', 'ChristfieldBaptist', 'Christianity', 'Catholicism', 'FreeKarma', 'nocontext', 'USMilitarySO']
working on KSW1
	visited: ['Xcom', 'SaintsRow', 'CarAV', 'buildapc', 'OrthodoxChristianity', 'Christianity', 'brokehugs', 'christianitygaming', 'SCP', 'ReasonableFaith', 'christcore', 'Glitch_in_the_Matrix', 'GrandTheftAutoV', 'AskReddit', 'SuicideWatch', 'ChristianMusic', 'todayilearned', 'PS4', 'TrueAskReddit', 'AskMen', 'reactiongifs', 'audioengineering', 'AskCulinary', 'howto']
working on aweshum
	visited: ['summonerschool', 'gaming', 'GlobalOffensive', 'Christianity', 'wow', 'buildapc', 'Unity3D', 'leagueoflegends', 'NoFapChristians', 'DotA2', 'Smite', 'Overwatch', 'funny']
working on mikehipp
	visited: ['atheism', 'BigBrother', 'Christianity', 'videos', 'changemyview', 'lgbt', 'rupaulsdragrace', 'pittsburgh', 'Atlanta', 'medical', 'DoesAnybodyElse', 'Fitness']
working on Geohump
	visited: ['AskReddit', 'todayilearned', 'lifehacks', 'medicine', 'Christianity', 'AsicsTalk', 'AskMen', 'radiocontrol', 'homeautomation', 'firefox', 'TelevisionHardware', 'raspberry_pi', 'cycling', 'DebateAChristian', 'ethaism', 'RealChristian', 'Honda', 'dadjokes', 'trees', 'redditdev', 'askscience', 'bestof', 'worldnews', 'LifeProTips', 'linux', 'learnmath', 'MensRights', 'askphilosophy', 'philosophy', 'brokehugs', 'chrome', 'AdviceAnimals', 'news', 'personalfinance', 'Libertarian', 'funny', 'arduino', 'WorcesterMA', 'ADHD']
working on thatcrookedvulture
	visited: ['FFXIVRECRUITMENT', 'friendsafari', 'ffxiv', 'Christianity', 'pokemon', 'worldnews', 'nottheonion', 'wow', 'sex', 'DIY']
working on Bakeshot
	visited: ['spam', 'bestof', 'Christianity', 'Sidehugs', 'DrawForMe', 'brokehugs', 'discexchange', 'Cooking', 'LiverpoolFC', 'discgolf', 'modhelp', 'Assistance', 'SubredditDrama', 'christianitygaming']
working on Panta-rhei
	visited: ['Christianity', 'Sidehugs', 'China', 'space', 'grammar', 'brokehugs']
working on Hetzer
	visited: ['Sidehugs', 'valkyria', 'wotcirclejerk', 'CircleMusic', 'victoria2', 'CircleMovies', 'Ska', 'asoiafcirclejerk', 'circlejerkcopypasta', 'Gamingcirclejerk', 'Christianity', 'PickAnAndroidForMe', 'newjersey', 'TankPorn', 'totalwar', 'Catholicism', 'Rifftrax', 'badhistory', 'computertechs', 'talesfromtechsupport', 'ArmoredWarfare', 'vexillologycirclejerk', 'brooklynninenine', 'WorldOfWarships']
working on Irondog1970
	visited: ['serialpodcast', 'DaystromInstitute', 'Christianity', 'beagle', 'windowsphone', 'alaska', 'Supernatural', 'PointsPlus', 'BSG', 'slowcooking', 'AskScienceFiction']
working on RazorINC
	visited: ['DebateAChristian', 'Christianity', 'AskMen', 'youtubers']
working on BranchDavidian
	visited: ['Sidehugs', 'Christianity', 'brokehugs', 'beerporn', 'movies', 'fantasyfootball']
working on 6DT
	visited: ['raisedbynarcissists', 'antibaw', 'beetlejuicing', 'TreesSuckingAtThings', 'offmychest', 'NoFap', 'AskMen', 'AskWomen', 'keto', 'Showerthoughts', 'Christianity', 'demisexuality', 'AskReddit', 'everymanshouldknow', 'casualiama', 'asexuality']
working on ChristianityBot
	visited: ['ChristianityBot', 'Christianity']
working on namer98
	visited: ['Judaism', 'Christianity', 'Sidehugs', 'books', 'Jewish', 'Reformed', 'dickpics', 'StarWarsEU', 'brokehugs', 'SubredditDrama', 'magicTCG', 'AskReddit', 'DnD']
working on kvrdave
	visited: ['RealEstate', 'unitedstatesofamerica', 'winterporn', 'funny', 'Christianity', 'Buddhism', 'todayilearned', 'DebateAChristian', 'CoinBase', 'raisingkids', 'pics', 'trees', 'Bitcoin', 'bestof']
working on FurterNFrank
	visited: ['nfffffffluuuuuuuuuuuu', 'nfl', 'airlines', 'Christianity', 'brokehugs', 'JusticePorn', 'Colts', 'flightsim', 'EnoughLibertarianSpam']
working on idontknowhattodohere
	visited: ['Christianity', 'Accounting', 'pics', 'itookapicture', 'CraftsOfIceAndFire', 'ImaginaryWesteros', 'Austria', 'wien', 'NetflixBestOf', 'AskReddit', 'funny', 'NoFap', 'gaming', 'bonnaroo', 'xboxone', 'MusicCollab', 'ShouldIbuythisgame', 'redditrequest', 'Magicdeckbuilding', 'casualiama', 'news', 'Tennessee', 'todayilearned', 'politics', 'community', 'AdviceAnimals', 'gifs', 'LearnGerman', 'confession', 'Chattanooga']
working on PhasersSetToKill
	visited: ['notinteresting', 'AskReddit', 'Fallout', 'aww', 'CLOUDS', 'whatsthisbug', 'short', 'booksuggestions', 'spacex', 'Music', 'MeanJokes', 'photocritique', 'AskPhysics', 'elonmusk', 'teslamotors', 'Showerthoughts', 'IAmA', 'MarkMyWords', 'Christianity', 'WritingPrompts', 'teslore', 'AskScienceFiction', 'skyrim', 'Watsky', 'pics', 'HumanPorn', 'mildlyinteresting']
working on PrettyPoltergeist
	visited: ['CautiousBB', 'MakeupAddiction', 'Christianity', 'TrollXChromosomes', 'AskReddit', 'gifs', 'TalesFromRetail']
working on Ailyana
	visited: ['Christianity', 'AskWomen', 'history', 'creepy', 'Paranormal', 'fatpeoplehate', 'islam']
working on Aviator07
	visited: ['aggies', 'CFB', 'Reformed', 'reformedfightclub', 'Aberdeen', 'todayilearned', 'WTF', 'Christianity', 'SouthernBaptist', 'sermonvidz', 'AskReddit', 'reddit.com', 'Austin', 'self', 'alaska', 'TrueChristian', 'aviation']
working on lju1977
	visited: ['Christianity4Real', 'androiddev', 'Christianity', 'xamarinandroid', 'mithraism', 'Soham', 'mormon', 'islam', 'hebrew', 'TrueChristian', 'brokehugs', 'csharp', 'DebateAChristian']
working on allamericanprophet
	visited: ['AcademicBiblical', 'Sidehugs', 'csshelp', 'Christianity', 'HailOrthodoxy', 'zelda', 'politics', 'asoiaf', 'brokehugs', 'WildStar', 'TestGuildPleaseIgnore', 'truestchristian', 'Judaism', 'dragonage', 'nintendo', 'gaming', 'OpenChristian']
working on Chuckabear
	visited: ['buildapc', 'legaladvice', 'Christianity', 'brokehugs', 'DebateAChristian', 'exmormon', 'politics', 'changemyview', 'DebateAnAtheist', 'exjw', 'wow', 'motorcycles', 'news', 'CableManagement', 'orlando', 'TrueAtheism', 'Freethought', 'atheism', 'worldnews', 'AdviceAtheists']
looked at a total of 72 redditors.
found a total of 634 subreddits.
here are the edges with weight > 1:
Catholicism Christianity 2
Rateme AskReddit 2
comics worldnews 2
comics AskReddit 2
comics atheism 2
worldnews AdviceAnimals 4
worldnews circlejerk 2
worldnews spam 2
worldnews wow 4
worldnews pcmasterrace 3
worldnews comics 2
worldnews science 3
worldnews news 4
worldnews brokehugs 2
worldnews funny 11
worldnews changemyview 2
worldnews gifs 2
worldnews movies 4
worldnews cars 2
worldnews AskMen 2
worldnews politics 4
worldnews skyrim 2
worldnews Minecraft 2
worldnews AskReddit 12
worldnews askscience 2
worldnews playrust 3
worldnews gaming 7
worldnews technology 2
worldnews aww 3
worldnews personalfinance 2
worldnews IAmA 5
worldnews Showerthoughts 2
worldnews explainlikeimfive 3
worldnews pokemon 2
worldnews Fitness 2
worldnews food 2
worldnews buildapc 3
worldnews DIY 2
worldnews atheism 15
worldnews pics 10
worldnews nottheonion 3
worldnews techsupport 2
worldnews malefashionadvice 2
worldnews trees 4
worldnews todayilearned 9
worldnews Christianity 6
worldnews medicine 2
worldnews WTF 3
worldnews bestof 3
worldnews DebateAChristian 2
worldnews friendsafari 2
worldnews TrueAtheism 2
worldnews videos 4
reddit.com self 2
reddit.com AskReddit 2
reddit.com todayilearned 2
aww AdviceAnimals 6
aww circlejerk 2
aww pcmasterrace 2
aww gaming 7
aww worldnews 3
aww science 3
aww funny 6
aww gifs 3
aww politics 2
aww AskReddit 10
aww cringepics 2
aww IAmA 4
aww Showerthoughts 3
aww skyrim 3
aww writing 2
aww explainlikeimfive 3
aww news 2
aww AndroidQuestions 2
aww books 2
aww food 2
aww buildapc 2
aww atheism 9
aww todayilearned 5
aww trees 2
aww OkCupid 2
aww pics 5
aww Christianity 3
aww creepy 2
aww RATS 2
aww nintendo 2
aww WTF 3
aww Android 3
aww mildlyinteresting 3
aww videos 2
aww WritingPrompts 2
aww movies 4
circlejerk AdviceAnimals 2
circlejerk pcmasterrace 2
circlejerk worldnews 2
circlejerk aww 2
circlejerk AskReddit 3
circlejerk gaming 2
circlejerk atheism 3
circlejerk explainlikeimfive 2
circlejerk gifs 2
photocritique AskReddit 2
brokehugs buildapc 2
brokehugs christianitygaming 3
brokehugs worldnews 2
brokehugs news 2
brokehugs TrueChristian 2
brokehugs todayilearned 2
brokehugs politics 2
brokehugs SubredditDrama 2
brokehugs bestof 2
brokehugs AskMen 2
brokehugs Christianity 11
brokehugs Judaism 3
brokehugs AskReddit 3
brokehugs OrthodoxChristianity 2
brokehugs Sidehugs 6
brokehugs DebateAChristian 3
alaska Christianity 2
rpg AdviceAnimals 2
rpg DnD 2
rpg AskReddit 2
movies AdviceAnimals 5
movies worldnews 4
movies aww 4
movies news 3
movies atheism 7
movies pics 3
movies nottheonion 2
movies funny 6
movies trees 3
movies AskMen 2
movies IAmA 4
movies firstworldproblems 2
movies politics 3
movies WTF 2
movies AskReddit 5
movies Christianity 4
movies gaming 5
movies Showerthoughts 2
movies explainlikeimfive 3
movies videos 2
movies todayilearned 6
movies books 2
cars worldnews 2
cars AskReddit 3
cars Android 2
cars gaming 2
cars atheism 2
cars skyrim 2
cars funny 2
cars techsupport 2
cars Fitness 2
photoshopbattles funny 2
photoshopbattles WTF 2
photoshopbattles AskReddit 2
photoshopbattles atheism 2
DebateReligion politics 2
DebateReligion DebateAnAtheist 2
DebateReligion atheism 3
DebateReligion TrueAtheism 2
DebateReligion Christianity 2
AskMen AdviceAnimals 3
AskMen brokehugs 2
AskMen worldnews 2
AskMen atheism 2
AskMen funny 2
AskMen movies 2
AskMen todayilearned 5
AskMen casualiama 2
AskMen Christianity 5
AskMen Showerthoughts 2
AskMen AskReddit 6
AskMen askscience 2
AskMen MensRights 2
AskMen DebateAChristian 3
AskMen medicine 2
cats funny 2
cats atheism 2
cats gaming 2
redditrequest pics 2
redditrequest AskReddit 2
redditrequest todayilearned 2
politics AdviceAnimals 3
politics wow 2
politics trees 2
politics worldnews 4
politics science 3
politics news 3
politics brokehugs 2
politics funny 5
politics changemyview 2
politics gifs 2
politics movies 3
politics DebateReligion 2
politics aww 2
politics TwoXChromosomes 2
politics legaladvice 2
politics AskReddit 6
politics gaming 7
politics technology 2
politics explainlikeimfive 2
politics FreeAtheism 2
politics DebateAnAtheist 3
politics atheism 12
politics todayilearned 7
politics nottheonion 3
politics tifu 2
politics Christianity 6
politics nintendo 2
politics skeptic 3
politics WTF 3
politics pics 5
politics bestof 2
politics TrueAtheism 4
politics videos 2
Minecraft atheism 3
Minecraft worldnews 2
Minecraft gaming 2
Minecraft pics 2
medical atheism 2
Judaism AskReddit 2
Judaism brokehugs 3
Judaism Sidehugs 3
Judaism Christianity 4
Judaism books 2
TwoXChromosomes funny 2
TwoXChromosomes atheism 3
TwoXChromosomes skeptic 2
TwoXChromosomes politics 2
scifi raisedbynarcissists 2
see WTF 2
see AskReddit 2
see todayilearned 2
see videos 2
see Christianity 2
gaming AdviceAnimals 5
gaming circlejerk 2
gaming pcmasterrace 3
gaming worldnews 7
gaming science 2
gaming news 4
gaming atheistvids 2
gaming funny 11
gaming hometheater 2
gaming gifs 4
gaming movies 5
gaming cars 2
gaming IAmA 3
gaming politics 7
gaming skyrim 4
gaming Minecraft 2
gaming AskReddit 11
gaming explainlikeimfive 4
gaming cringepics 2
gaming technology 2
gaming Showerthoughts 2
gaming asoiaf 2
gaming HomeworkHelp 2
gaming AndroidQuestions 2
gaming cats 2
gaming food 2
gaming buildapc 3
gaming aww 7
gaming MTB 2
gaming zelda 2
gaming atheism 13
gaming todayilearned 7
gaming NoFap 2
gaming leagueoflegends 2
gaming tifu 2
gaming techsupport 2
gaming Music 2
gaming trees 3
gaming pics 7
gaming Christianity 6
gaming nintendo 3
gaming WTF 6
gaming Android 2
gaming TrueAtheism 2
gaming videos 5
gaming wow 2
AskUK Showerthoughts 2
AskUK pics 2
AskUK atheism 2
AskUK todayilearned 2
writing AdviceAnimals 2
writing aww 2
writing AskReddit 2
writing Android 2
writing atheism 2
writing funny 2
writing Colorado 2
writing OkCupid 2
writing videos 2
writing books 2
explainlikeimfive AdviceAnimals 2
explainlikeimfive DIY 2
explainlikeimfive worldnews 3
explainlikeimfive aww 3
explainlikeimfive circlejerk 2
explainlikeimfive atheism 7
explainlikeimfive todayilearned 4
explainlikeimfive funny 2
explainlikeimfive movies 3
explainlikeimfive trees 2
explainlikeimfive WTF 2
explainlikeimfive politics 2
explainlikeimfive AskReddit 6
explainlikeimfive gaming 4
explainlikeimfive IAmA 2
explainlikeimfive Showerthoughts 2
explainlikeimfive pics 2
explainlikeimfive videos 4
explainlikeimfive food 2
raisedbynarcissists scifi 2
raisedbynarcissists AskReddit 2
raisedbynarcissists Christianity 3
hometheater MTB 2
hometheater gaming 2
hometheater atheism 2
atheistvids gaming 2
atheistvids atheism 3
lgbt Christianity 2
DebateAChristian AdviceAnimals 2
DebateAChristian brokehugs 3
DebateAChristian worldnews 2
DebateAChristian todayilearned 3
DebateAChristian funny 2
DebateAChristian trees 2
DebateAChristian AskMen 3
DebateAChristian Christianity 6
DebateAChristian AskReddit 2
DebateAChristian bestof 2
DebateAChristian news 2
books AdviceAnimals 2
books aww 2
books atheism 2
books OkCupid 2
books Christianity 3
books Judaism 2
books writing 2
books AskReddit 3
books videos 2
books movies 2
food IAmA 2
food WTF 2
food gaming 2
food todayilearned 2
food worldnews 2
food aww 2
food AskReddit 3
food funny 2
food atheism 2
food explainlikeimfive 2
food videos 2
GrandTheftAutoV AskReddit 2
GrandTheftAutoV buildapc 2
woahdude mildlyinteresting 2
woahdude WTF 2
woahdude AskReddit 2
woahdude funny 2
woahdude atheism 2
TheFacebookDelusion AskReddit 2
TheFacebookDelusion atheism 3
Reformed AskReddit 2
Reformed Christianity 2
asoiaf gaming 2
interestingasfuck atheism 3
interestingasfuck todayilearned 2
interestingasfuck videos 2
MTB gaming 2
MTB atheism 2
MTB hometheater 2
HomeworkHelp AskReddit 2
HomeworkHelp gaming 2
RATS AdviceAnimals 2
RATS funny 2
RATS aww 2
RATS atheism 2
atheism comics 2
atheism worldnews 15
atheism aww 9
atheism circlejerk 3
atheism movies 7
atheism cars 2
atheism photoshopbattles 2
atheism DebateReligion 3
atheism AskMen 2
atheism cats 2
atheism politics 12
atheism Minecraft 3
atheism medical 2
atheism TwoXChromosomes 3
atheism gaming 13
atheism AskUK 2
atheism writing 2
atheism explainlikeimfive 7
atheism hometheater 2
atheism atheistvids 3
atheism books 2
atheism food 2
atheism woahdude 2
atheism TheFacebookDelusion 3
atheism interestingasfuck 3
atheism MTB 2
atheism RATS 2
atheism trashy 2
atheism TrueReddit 2
atheism htcone 2
atheism Music 3
atheism learnprogramming 2
atheism unitedkingdom 2
atheism gameofthrones 2
atheism nintendo 2
atheism Android 4
atheism playrust 3
atheism TrueAtheism 5
atheism motorcycles 2
atheism wow 3
atheism AdviceAnimals 9
atheism pcmasterrace 2
atheism exmormon 2
atheism science 6
atheism news 3
atheism funny 16
atheism changemyview 5
atheism gifs 3
atheism Colorado 2
atheism bodybuilding 2
atheism Astronomy 2
atheism legaladvice 3
atheism AskReddit 22
atheism askscience 5
atheism technology 3
atheism IAmA 6
atheism Showerthoughts 6
atheism skyrim 3
atheism mildlyinteresting 4
atheism FreeAtheism 3
atheism conspiracy 2
atheism Fitness 3
atheism firstworldproblems 2
atheism AndroidQuestions 3
atheism soccer 2
atheism buildapc 4
atheism DIY 2
atheism DebateAnAtheist 3
atheism AskDocs 2
atheism introvert 2
atheism pics 14
atheism nottheonion 4
atheism skeptic 3
atheism tifu 4
atheism techsupport 3
atheism trees 3
atheism AdviceAtheists 2
atheism todayilearned 14
atheism videos 10
atheism Christianity 6
atheism creepy 2
atheism WTF 10
atheism bestof 3
atheism Futurology 2
atheism spam 2
atheism AskWomen 2
atheism Fireteams 2
islam Christianity 2
SubredditDrama brokehugs 2
SubredditDrama Sidehugs 2
SubredditDrama Christianity 2
trashy todayilearned 2
trashy atheism 2
trashy AskReddit 2
trashy funny 2
trashy pics 2
trashy AndroidQuestions 2
TrueChristian AskReddit 2
TrueChristian brokehugs 2
TrueChristian todayilearned 2
TrueChristian Christianity 4
TrueReddit atheism 2
malefashionadvice worldnews 2
malefashionadvice AskReddit 2
malefashionadvice funny 2
malefashionadvice trees 2
malefashionadvice IAmA 2
malefashionadvice videos 2
htcone AskReddit 2
htcone atheism 2
Music WTF 2
Music AskReddit 4
Music gaming 2
Music atheism 3
Music tifu 2
Music mildlyinteresting 2
Music videos 2
self reddit.com 2
self AskReddit 2
self todayilearned 2
learnprogramming atheism 2
unitedkingdom atheism 2
unitedkingdom todayilearned 2
casualiama AskReddit 3
casualiama pics 2
casualiama Showerthoughts 2
casualiama NoFap 2
casualiama funny 2
casualiama AskMen 2
casualiama Christianity 2
casualiama todayilearned 2
windowsphone AskScienceFiction 2
windowsphone Christianity 2
MensRights AdviceAnimals 2
MensRights AskReddit 2
MensRights todayilearned 2
MensRights AskMen 2
gameofthrones atheism 2
gameofthrones pics 2
AskScienceFiction Christianity 3
AskScienceFiction windowsphone 2
nintendo aww 2
nintendo AskReddit 2
nintendo politics 2
nintendo gaming 3
nintendo zelda 2
nintendo atheism 2
nintendo gifs 2
Android writing 2
Android aww 3
Android atheism 4
Android Colorado 2
Android cars 2
Android AskReddit 3
Android funny 3
Android gaming 2
Android videos 2
Android AndroidQuestions 2
OrthodoxChristianity christianitygaming 2
OrthodoxChristianity brokehugs 2
OrthodoxChristianity Christianity 3
playrust worldnews 3
playrust AskReddit 3
playrust funny 3
playrust bestof 2
playrust atheism 3
playrust videos 2
booksuggestions IAmA 2
booksuggestions AskReddit 2
booksuggestions pics 2
booksuggestions Showerthoughts 2
friendsafari pokemon 2
friendsafari worldnews 2
friendsafari Christianity 2
friendsafari wow 2
TrueAtheism politics 4
TrueAtheism gaming 2
TrueAtheism DebateAnAtheist 2
TrueAtheism worldnews 2
TrueAtheism AskReddit 2
TrueAtheism todayilearned 2
TrueAtheism changemyview 2
TrueAtheism atheism 5
TrueAtheism DebateReligion 2
TrueAtheism pics 2
TrueAtheism Christianity 2
Sidehugs Judaism 3
Sidehugs christianitygaming 2
Sidehugs brokehugs 6
Sidehugs SubredditDrama 2
Sidehugs Christianity 7
motorcycles buildapc 2
motorcycles legaladvice 2
motorcycles atheism 2
wow buildapc 3
wow AdviceAnimals 2
wow politics 2
wow gaming 2
wow worldnews 4
wow AskReddit 2
wow atheism 3
wow nottheonion 2
wow funny 3
wow pokemon 2
wow techsupport 2
wow friendsafari 2
wow pics 2
wow todayilearned 3
wow Christianity 4
AdviceAnimals DnD 2
AdviceAnimals pcmasterrace 2
AdviceAnimals aww 6
AdviceAnimals gaming 5
AdviceAnimals worldnews 4
AdviceAnimals science 2
AdviceAnimals circlejerk 2
AdviceAnimals funny 8
AdviceAnimals rpg 2
AdviceAnimals gifs 2
AdviceAnimals AskMen 3
AdviceAnimals firstworldproblems 2
AdviceAnimals politics 3
AdviceAnimals AskReddit 11
AdviceAnimals explainlikeimfive 2
AdviceAnimals askscience 2
AdviceAnimals IAmA 2
AdviceAnimals Showerthoughts 2
AdviceAnimals writing 2
AdviceAnimals news 3
AdviceAnimals Fitness 2
AdviceAnimals MensRights 2
AdviceAnimals DebateAChristian 2
AdviceAnimals books 2
AdviceAnimals todayilearned 8
AdviceAnimals LifeProTips 2
AdviceAnimals atheism 9
AdviceAnimals trees 2
AdviceAnimals OkCupid 2
AdviceAnimals pics 5
AdviceAnimals Christianity 5
AdviceAnimals RATS 2
AdviceAnimals NoFap 2
AdviceAnimals WTF 3
AdviceAnimals mildlyinteresting 2
AdviceAnimals videos 3
AdviceAnimals wow 2
AdviceAnimals movies 5
DnD AdviceAnimals 2
DnD AskReddit 3
DnD rpg 2
DnD Christianity 2
short AskReddit 2
short pics 2
pcmasterrace AdviceAnimals 2
pcmasterrace circlejerk 2
pcmasterrace worldnews 3
pcmasterrace aww 2
pcmasterrace AskReddit 3
pcmasterrace gaming 3
pcmasterrace atheism 2
pcmasterrace pics 2
pcmasterrace skyrim 2
pcmasterrace gifs 2
pokemon worldnews 2
pokemon friendsafari 2
pokemon Christianity 2
pokemon wow 2
exmormon atheism 2
science AdviceAnimals 2
science gaming 2
science worldnews 3
science aww 3
science atheism 6
science pics 4
science nottheonion 2
science funny 2
science todayilearned 3
science politics 3
science AskReddit 5
science askscience 2
science bestof 2
science IAmA 2
science spam 2
science Showerthoughts 2
science Futurology 2
news AdviceAnimals 3
news brokehugs 2
news gaming 4
news worldnews 4
news aww 2
news pics 2
news funny 6
news atheism 3
news movies 3
news trees 3
news Libertarian 2
news Christianity 5
news politics 3
news WTF 2
news AskReddit 4
news IAmA 3
news Showerthoughts 2
news investing 2
news DebateAChristian 2
news todayilearned 4
cringepics WTF 2
cringepics todayilearned 2
cringepics aww 2
cringepics AskReddit 2
cringepics gaming 2
cringepics funny 2
funny AdviceAnimals 8
funny wow 3
funny gaming 11
funny worldnews 11
funny science 2
funny news 6
funny movies 6
funny cars 2
funny AskMen 2
funny Libertarian 2
funny politics 5
funny skyrim 2
funny bodybuilding 2
funny TwoXChromosomes 2
funny Astronomy 2
funny AskReddit 14
funny askscience 2
funny cringepics 2
funny Christianity 7
funny technology 2
funny personalfinance 2
funny photoshopbattles 2
funny IAmA 6
funny Showerthoughts 3
funny writing 2
funny explainlikeimfive 2
funny investing 2
funny Fitness 2
funny malefashionadvice 2
funny AndroidQuestions 2
funny DebateAChristian 2
funny food 2
funny buildapc 2
funny woahdude 2
funny RealEstate 2
funny AskDocs 2
funny aww 6
funny atheism 16
funny todayilearned 13
funny leagueoflegends 2
funny nottheonion 2
funny trashy 2
funny tifu 2
funny techsupport 2
funny trees 6
funny cats 2
funny pics 11
funny casualiama 2
funny gifs 2
funny medicine 2
funny RATS 2
funny NoFap 2
funny WTF 7
funny Android 3
funny bestof 4
funny playrust 3
funny mildlyinteresting 3
funny videos 5
funny Colorado 2
changemyview DebateAnAtheist 2
changemyview worldnews 2
changemyview atheism 5
changemyview pics 3
changemyview politics 2
changemyview AskReddit 2
changemyview askscience 2
changemyview Christianity 3
changemyview Showerthoughts 2
changemyview TrueAtheism 2
changemyview videos 2
changemyview todayilearned 2
gifs AdviceAnimals 2
gifs politics 2
gifs nintendo 2
gifs worldnews 2
gifs circlejerk 2
gifs aww 3
gifs AskReddit 5
gifs gaming 4
gifs atheism 3
gifs pics 3
gifs funny 2
gifs pcmasterrace 2
gifs todayilearned 2
gifs Christianity 2
keto AskReddit 2
keto Christianity 2
PS4 AskReddit 2
PS4 todayilearned 2
PS4 Christianity 2
Colorado writing 2
Colorado funny 2
Colorado Android 2
Colorado videos 2
Colorado atheism 2
bodybuilding atheism 2
bodybuilding funny 2
Astronomy funny 2
Astronomy atheism 2
legaladvice buildapc 2
legaladvice politics 2
legaladvice atheism 3
legaladvice Christianity 2
legaladvice motorcycles 2
AskReddit circlejerk 3
AskReddit Rateme 2
AskReddit comics 2
AskReddit worldnews 12
AskReddit reddit.com 2
AskReddit aww 10
AskReddit photocritique 2
AskReddit brokehugs 3
AskReddit rpg 2
AskReddit booksuggestions 2
AskReddit personalfinance 2
AskReddit movies 5
AskReddit cars 3
AskReddit AskMen 6
AskReddit redditrequest 2
AskReddit politics 6
AskReddit explainlikeimfive 6
AskReddit playrust 3
AskReddit gaming 11
AskReddit photoshopbattles 2
AskReddit writing 2
AskReddit see 2
AskReddit DebateAChristian 2
AskReddit books 3
AskReddit food 3
AskReddit GrandTheftAutoV 2
AskReddit woahdude 2
AskReddit TheFacebookDelusion 2
AskReddit Reformed 2
AskReddit atheism 22
AskReddit todayilearned 18
AskReddit trashy 2
AskReddit TrueChristian 2
AskReddit malefashionadvice 2
AskReddit htcone 2
AskReddit Music 4
AskReddit self 2
AskReddit casualiama 3
AskReddit MensRights 2
AskReddit nintendo 2
AskReddit Android 3
AskReddit cringepics 2
AskReddit TrueAtheism 2
AskReddit AdviceAnimals 11
AskReddit DnD 3
AskReddit short 2
AskReddit pcmasterrace 3
AskReddit science 5
AskReddit news 4
AskReddit funny 14
AskReddit changemyview 2
AskReddit gifs 5
AskReddit keto 2
AskReddit PS4 2
AskReddit askscience 5
AskReddit technology 2
AskReddit IAmA 7
AskReddit Showerthoughts 7
AskReddit skyrim 4
AskReddit HomeworkHelp 2
AskReddit conspiracy 2
AskReddit Fitness 3
AskReddit AndroidQuestions 3
AskReddit soccer 2
AskReddit buildapc 4
AskReddit notinteresting 2
AskReddit pics 13
AskReddit nottheonion 2
AskReddit skeptic 2
AskReddit tifu 3
AskReddit techsupport 3
AskReddit trees 4
AskReddit Judaism 2
AskReddit Christianity 12
AskReddit raisedbynarcissists 2
AskReddit creepy 2
AskReddit medicine 2
AskReddit NoFap 3
AskReddit WTF 11
AskReddit bestof 3
AskReddit Futurology 2
AskReddit spam 2
AskReddit wow 2
AskReddit AskWomen 2
AskReddit mildlyinteresting 5
AskReddit WritingPrompts 2
AskReddit LifeProTips 2
AskReddit videos 8
askscience AdviceAnimals 2
askscience worldnews 2
askscience science 2
askscience atheism 5
askscience pics 3
askscience funny 2
askscience LifeProTips 2
askscience changemyview 2
askscience techsupport 2
askscience AskMen 2
askscience Christianity 2
askscience medicine 2
askscience WTF 2
askscience AskReddit 5
askscience bestof 2
askscience IAmA 2
askscience Showerthoughts 3
askscience videos 2
askscience todayilearned 6
technology politics 2
technology worldnews 2
technology pics 3
technology AskReddit 2
technology funny 2
technology gaming 2
technology atheism 3
technology todayilearned 2
personalfinance bestof 2
personalfinance worldnews 2
personalfinance AskReddit 2
personalfinance todayilearned 2
personalfinance funny 2
IAmA AdviceAnimals 2
IAmA worldnews 5
IAmA aww 4
IAmA science 2
IAmA news 3
IAmA atheism 6
IAmA todayilearned 5
IAmA funny 6
IAmA booksuggestions 2
IAmA malefashionadvice 2
IAmA movies 4
IAmA trees 3
IAmA pics 5
IAmA Christianity 2
IAmA WTF 2
IAmA AskReddit 7
IAmA askscience 2
IAmA gaming 3
IAmA Showerthoughts 5
IAmA explainlikeimfive 2
IAmA videos 2
IAmA food 2
Showerthoughts AdviceAnimals 2
Showerthoughts worldnews 2
Showerthoughts aww 3
Showerthoughts science 2
Showerthoughts news 2
Showerthoughts atheism 6
Showerthoughts pics 5
Showerthoughts funny 3
Showerthoughts changemyview 2
Showerthoughts booksuggestions 2
Showerthoughts movies 2
Showerthoughts AskMen 2
Showerthoughts IAmA 5
Showerthoughts casualiama 2
Showerthoughts Christianity 2
Showerthoughts WTF 3
Showerthoughts AskReddit 7
Showerthoughts askscience 3
Showerthoughts gaming 2
Showerthoughts AskUK 2
Showerthoughts explainlikeimfive 2
Showerthoughts AskWomen 2
Showerthoughts mildlyinteresting 2
Showerthoughts videos 2
Showerthoughts todayilearned 4
skyrim buildapc 2
skyrim pcmasterrace 2
skyrim worldnews 2
skyrim atheism 3
skyrim funny 2
skyrim techsupport 2
skyrim cars 2
skyrim pics 2
skyrim Christianity 2
skyrim AskReddit 4
skyrim gaming 4
skyrim aww 3
investing funny 2
investing news 2
mildlyinteresting AdviceAnimals 2
mildlyinteresting funny 3
mildlyinteresting aww 3
mildlyinteresting AskReddit 5
mildlyinteresting woahdude 2
mildlyinteresting atheism 4
mildlyinteresting todayilearned 2
mildlyinteresting Showerthoughts 2
mildlyinteresting Music 2
mildlyinteresting WTF 3
mildlyinteresting pics 3
FreeAtheism politics 2
FreeAtheism atheism 3
conspiracy AskReddit 2
conspiracy atheism 2
linux Christianity 2
Fitness AdviceAnimals 2
Fitness AskReddit 3
Fitness funny 2
Fitness worldnews 2
Fitness atheism 3
Fitness cars 2
Fitness todayilearned 2
Fitness videos 3
Fitness Christianity 3
firstworldproblems AdviceAnimals 2
firstworldproblems movies 2
firstworldproblems atheism 2
AndroidQuestions todayilearned 2
AndroidQuestions aww 2
AndroidQuestions atheism 3
AndroidQuestions AskReddit 3
AndroidQuestions Android 2
AndroidQuestions gaming 2
AndroidQuestions funny 2
AndroidQuestions trashy 2
AndroidQuestions techsupport 2
AndroidQuestions pics 2
soccer WTF 2
soccer atheism 2
soccer AskReddit 2
soccer videos 2
soccer todayilearned 2
buildapc GrandTheftAutoV 2
buildapc brokehugs 2
buildapc worldnews 3
buildapc aww 2
buildapc atheism 4
buildapc funny 2
buildapc todayilearned 2
buildapc Christianity 3
buildapc legaladvice 2
buildapc AskReddit 4
buildapc gaming 3
buildapc skyrim 2
buildapc motorcycles 2
buildapc wow 3
christianitygaming brokehugs 3
christianitygaming OrthodoxChristianity 2
christianitygaming Sidehugs 2
christianitygaming Christianity 3
DIY explainlikeimfive 2
DIY pics 2
DIY worldnews 2
DIY atheism 2
DIY todayilearned 2
RealEstate funny 2
RealEstate todayilearned 2
RealEstate bestof 2
RealEstate pics 2
DebateAnAtheist politics 3
DebateAnAtheist changemyview 2
DebateAnAtheist DebateReligion 2
DebateAnAtheist TrueAtheism 2
DebateAnAtheist Christianity 2
DebateAnAtheist atheism 3
AskDocs funny 2
AskDocs atheism 2
notinteresting AskReddit 2
zelda nintendo 2
zelda gaming 2
introvert atheism 2
canada Christianity 2
pics AdviceAnimals 5
pics short 2
pics pcmasterrace 2
pics AskUK 2
pics worldnews 10
pics science 4
pics news 2
pics funny 11
pics changemyview 3
pics booksuggestions 2
pics gifs 3
pics movies 3
pics redditrequest 2
pics skyrim 2
pics Minecraft 2
pics AskReddit 13
pics askscience 3
pics gaming 7
pics technology 3
pics aww 5
pics IAmA 5
pics Showerthoughts 5
pics explainlikeimfive 2
pics AndroidQuestions 2
pics DIY 2
pics gameofthrones 2
pics politics 5
pics RealEstate 2
pics atheism 14
pics todayilearned 13
pics nottheonion 2
pics trashy 2
pics techsupport 2
pics trees 2
pics casualiama 2
pics videos 2
pics Christianity 5
pics creepy 2
pics NoFap 2
pics WTF 3
pics bestof 2
pics Futurology 2
pics spam 2
pics mildlyinteresting 3
pics TrueAtheism 2
pics wow 2
pics WritingPrompts 2
nottheonion bestof 2
nottheonion worldnews 3
nottheonion science 2
nottheonion atheism 4
nottheonion pics 2
nottheonion skeptic 2
nottheonion funny 2
nottheonion movies 2
nottheonion politics 3
nottheonion AskReddit 2
nottheonion wow 2
nottheonion todayilearned 4
skeptic politics 3
skeptic TwoXChromosomes 2
skeptic AskReddit 2
skeptic todayilearned 2
skeptic nottheonion 2
skeptic atheism 3
gaybros Christianity 2
tifu politics 2
tifu WTF 2
tifu AskReddit 3
tifu funny 2
tifu gaming 2
tifu atheism 4
tifu Music 2
techsupport worldnews 2
techsupport atheism 3
techsupport pics 2
techsupport funny 2
techsupport cars 2
techsupport todayilearned 3
techsupport AskReddit 3
techsupport askscience 2
techsupport gaming 2
techsupport skyrim 2
techsupport AndroidQuestions 2
techsupport wow 2
trees AdviceAnimals 2
trees gaming 3
trees worldnews 4
trees news 3
trees pics 2
trees bestof 2
trees atheism 3
trees todayilearned 4
trees videos 3
trees Christianity 3
trees politics 2
trees WTF 2
trees AskReddit 4
trees funny 6
trees aww 2
trees IAmA 3
trees explainlikeimfive 2
trees malefashionadvice 2
trees DebateAChristian 2
trees movies 3
OkCupid AdviceAnimals 2
OkCupid aww 2
OkCupid writing 2
OkCupid books 2
AdviceAtheists atheism 2
todayilearned AdviceAnimals 8
todayilearned wow 3
todayilearned trees 4
todayilearned DebateAChristian 3
todayilearned AskUK 2
todayilearned worldnews 9
todayilearned reddit.com 2
todayilearned science 3
todayilearned news 4
todayilearned brokehugs 2
todayilearned TrueChristian 2
todayilearned funny 13
todayilearned changemyview 2
todayilearned gifs 2
todayilearned movies 6
todayilearned PS4 2
todayilearned AskMen 5
todayilearned redditrequest 2
todayilearned politics 7
todayilearned AskReddit 18
todayilearned explainlikeimfive 4
todayilearned askscience 6
todayilearned cringepics 2
todayilearned gaming 7
todayilearned technology 2
todayilearned personalfinance 2
todayilearned IAmA 5
todayilearned Showerthoughts 4
todayilearned see 2
todayilearned Fitness 2
todayilearned AndroidQuestions 2
todayilearned soccer 2
todayilearned food 2
todayilearned buildapc 2
todayilearned DIY 2
todayilearned interestingasfuck 2
todayilearned aww 5
todayilearned RealEstate 2
todayilearned atheism 14
todayilearned pics 13
todayilearned nottheonion 4
todayilearned skeptic 2
todayilearned trashy 2
todayilearned techsupport 3
todayilearned self 2
todayilearned unitedkingdom 2
todayilearned TrueAtheism 2
todayilearned casualiama 2
todayilearned videos 5
todayilearned Christianity 9
todayilearned MensRights 2
todayilearned creepy 2
todayilearned medicine 2
todayilearned NoFap 2
todayilearned WTF 7
todayilearned bestof 4
todayilearned mildlyinteresting 2
todayilearned LifeProTips 2
Libertarian news 2
Libertarian funny 2
Libertarian Christianity 2
history Christianity 2
Christianity Catholicism 2
Christianity gaybros 2
Christianity worldnews 6
Christianity movies 4
Christianity DebateReligion 2
Christianity windowsphone 2
Christianity AskMen 5
Christianity politics 6
Christianity skyrim 2
Christianity gaming 6
Christianity see 2
Christianity pokemon 2
Christianity lgbt 2
Christianity books 3
Christianity Reformed 2
Christianity atheism 6
Christianity islam 2
Christianity casualiama 2
Christianity Fitness 3
Christianity AskScienceFiction 3
Christianity DebateAChristian 6
Christianity OrthodoxChristianity 3
Christianity friendsafari 2
Christianity TrueAtheism 2
Christianity Sidehugs 7
Christianity AdviceAnimals 5
Christianity DnD 2
Christianity brokehugs 11
Christianity news 5
Christianity TrueChristian 4
Christianity funny 7
Christianity changemyview 3
Christianity gifs 2
Christianity keto 2
Christianity PS4 2
Christianity legaladvice 2
Christianity AskReddit 12
Christianity askscience 2
Christianity IAmA 2
Christianity Showerthoughts 2
Christianity buildapc 3
Christianity DebateAnAtheist 2
Christianity linux 2
Christianity aww 3
Christianity christianitygaming 3
Christianity canada 2
Christianity pics 5
Christianity NoFap 3
Christianity bestof 3
Christianity videos 3
Christianity trees 3
Christianity alaska 2
Christianity Judaism 4
Christianity Libertarian 2
Christianity history 2
Christianity nocontext 2
Christianity raisedbynarcissists 3
Christianity SubredditDrama 2
Christianity WTF 3
Christianity wow 4
Christianity AskWomen 2
Christianity LifeProTips 2
Christianity todayilearned 9
nocontext Christianity 2
creepy aww 2
creepy pics 2
creepy AskReddit 2
creepy atheism 2
creepy todayilearned 2
medicine worldnews 2
medicine AskReddit 2
medicine askscience 2
medicine funny 2
medicine AskMen 2
medicine todayilearned 2
NoFap AdviceAnimals 2
NoFap todayilearned 2
NoFap AskReddit 3
NoFap funny 2
NoFap gaming 2
NoFap pics 2
NoFap casualiama 2
NoFap Christianity 3
WTF AdviceAnimals 3
WTF aww 3
WTF news 2
WTF woahdude 2
WTF todayilearned 7
WTF worldnews 3
WTF funny 7
WTF tifu 2
WTF atheism 10
WTF movies 2
WTF Music 2
WTF trees 2
WTF pics 3
WTF videos 6
WTF Christianity 3
WTF IAmA 2
WTF politics 3
WTF AskReddit 11
WTF see 2
WTF askscience 2
WTF gaming 6
WTF photoshopbattles 2
WTF Showerthoughts 3
WTF explainlikeimfive 2
WTF cringepics 2
WTF mildlyinteresting 3
WTF soccer 2
WTF food 2
bestof worldnews 3
bestof science 2
bestof RealEstate 2
bestof brokehugs 2
bestof pics 2
bestof nottheonion 2
bestof funny 4
bestof atheism 3
bestof trees 2
bestof todayilearned 4
bestof Christianity 3
bestof politics 2
bestof AskReddit 3
bestof askscience 2
bestof personalfinance 2
bestof spam 2
bestof playrust 2
bestof DebateAChristian 2
leagueoflegends funny 2
leagueoflegends gaming 2
Futurology science 2
Futurology AskReddit 2
Futurology pics 2
Futurology atheism 2
spam worldnews 2
spam science 2
spam AskReddit 2
spam bestof 2
spam pics 2
spam atheism 2
AskWomen atheism 2
AskWomen AskReddit 2
AskWomen Showerthoughts 2
AskWomen Christianity 2
WritingPrompts aww 2
WritingPrompts AskReddit 2
WritingPrompts pics 2
LifeProTips AdviceAnimals 2
LifeProTips AskReddit 2
LifeProTips askscience 2
LifeProTips todayilearned 2
LifeProTips Christianity 2
videos AdviceAnimals 3
videos gaming 5
videos interestingasfuck 2
videos worldnews 4
videos atheism 10
videos todayilearned 5
videos funny 5
videos Colorado 2
videos Music 2
videos trees 3
videos pics 2
videos Christianity 3
videos IAmA 2
videos politics 2
videos WTF 6
videos AskReddit 8
videos explainlikeimfive 4
videos Android 2
videos askscience 2
videos aww 2
videos Showerthoughts 2
videos writing 2
videos see 2
videos playrust 2
videos changemyview 2
videos Fitness 3
videos malefashionadvice 2
videos soccer 2
videos movies 2
videos food 2
videos books 2
Fireteams atheism 2
