working on airbao
	visited: [u'TheRedPill', u'Brazil']
working on almostenough1
	visited: [u'LadyBoners', u'TheRedPill', u'AskReddit']
working on diggitywhat
	visited: [u'TheRedPill', u'tifu', u'relationships', u'AskReddit', u'TwoXChromosomes', u'casualiama']
working on ChoppinTheTarts
	visited: [u'AskReddit', u'explainlikeimfive', u'TheRedPill', u'AdviceAnimals', u'sports', u'todayilearned', u'gaming', u'funny', u'videos', u'gifs', u'aww', u'worldnews', u'pics']
working on thebears1986
	visited: [u'TheRedPill', u'asktrp']
working on 01-559-2620
	visited: [u'airsoft', u'lego', u'funny', u'Honda', u'worldcup', u'TheRedPill', u'worldnews', u'AskReddit', u'pics', u'Steam', u'politics', u'dataisbeautiful', u'4chan', u'pettyrevenge', u'sex']
working on Antibuddy
	visited: [u'TheRedPill', u'PublicFreakout', u'PunchingMorpheus', u'exredpill']
working on t21spectre
	visited: [u'TheRedPill', u'marriagestrike', u'TumblrInAction', u'ImGoingToHellForThis', u'MensRights', u'asktrp', u'INeedFeminismBecause', u'AdviceAnimals']
working on DaNiceguy
	visited: [u'MensRights', u'webcomics', u'startrek', u'Robocraft', u'TwoXChromosomes', u'worldnews', u'TheRedPill', u'MGTOW', u'videos', u'zelda', u'Music', u'Doom', u'worldpolitics', u'Feminism', u'WTF', u'UpliftingNews', u'AskReddit', u'tifu']
working on netarangi
	visited: [u'funny', u'TheRedPill', u'steroids', u'jailbreak', u'adventuretime', u'askscience', u'Games', u'asktrp', u'Cooking', u'AskCulinary', u'Wellington', u'lowendgaming', u'explainlikeimfive', u'conspiracy', u'leagueoflegends', u'Bitcoin', u'Drugs', u'AskReddit', u'techsupport', u'javahelp', u'MDMA', u'australia', u'AdviceAnimals', u'science', u'cringepics', u'TrollXChromosomes', u'wow', u'nsfw', u'Fitness', u'mildlyinteresting', u'SilkRoad', u'worldnews']
working on aaronpaws
	visited: [u'whatdoicallthis', u'ecigclassifieds', u'IAmA', u'DIY_eJuice', u'electronic_cigarette', u'DMT', u'ketamine', u'wow', u'battlestations', u'macsetups', u'firstworldproblems', u'Android', u'aww', u'androiddev', u'ucf', u'TheRedPill', u'lonely', u'benzodiazepines', u'ipad', u'AmISexy', u'kratom', u'cscareerquestions', u'Entrepreneur', u'pics', u'Drugs', u'MakeNewFriendsHere', u'xbox', u'EJuicePorn', u'iOSProgramming', u'trees', u'rap', u'opiates', u'atheism', u'depression', u'Marijuana']
working on therellikofthenight
	visited: [u'TheRedPill', u'SquaredCircle']
working on Hrjdc
	visited: [u'seduction', u'TheRedPill', u'SocialEngineering', u'DarkTriad', u'realsocialengineering', u'theoryofpropaganda', u'askphilosophy', u'SoccerBetting', u'GetMotivated', u'philosophy', u'india', u'EngineeringStudents']
working on iggybdawg
	visited: [u'TheRedPill', u'DeadBedrooms', u'MensRights', u'daddit', u'subaru', u'mensrightslinks', u'Health', u'Against_Circumcision', u'worldnews', u'sex', u'reddit.com', u'science', u'AskMen', u'AskReddit']
working on UniversityofToronto
	visited: [u'cringe', u'TheRedPill']
working on baconreader9000
	visited: [u'videos', u'ECE', u'australia', u'AskReddit', u'GlobalOffensive', u'gaming', u'television', u'TheRedPill', u'nexus4', u'todayilearned', u'Torontobluejays', u'Android', u'news', u'technology', u'worldnews', u'exmuslim', u'AdviceAnimals']
working on Carkudo
	visited: [u'AskWomen', u'AskMen', u'ShadowBanned', u'personalfinance', u'electronic_cigarette', u'Dreams', u'Health', u'TheRedPill', u'cigars', u'SuicideWatch', u'GetMotivated', u'ForeverAlone', u'depression', u'changemyview', u'AskReddit', u'SanctionedSuicide', u'PurplePillDebate']
working on AutoModerator
	visited: [u'diabetestest', u'wwesupercard', u'GTAA', u'GlobalPowers', u'infiniti', u'longboarding', u'starbound', u'testdfsports', u'dfsports', u'letsplay', u'wedding', u'productivity', u'worldpowers', u'BitcoinMarkets', u'asianamerican', u'AsianBeauty', u'survivor', u'india', u'BeautyAddiction', u'arabs', u'InverselanPowers', u'LifeImprovement', u'anime', u'foreveralonebots', u'zensangha', u'GetMotivated', u'hearthstone', u'WorldFantasy', u'mydaily3_sandbox', u'PokemonPlaza', u'malaysia', u'tea', u'TeenFFA', u'lift', u'MtF', u'singapore', u'leagueoflegends', u'AskReddit', u'pokemontrades', u'politics', u'IndieGaming', u'DotA2', u'friendsafari', u'Enhancement', u'relationships', u'videos', u'TumblrInAction', u'russia', u'tifu', u'worldnews', u'TributeMe', u'ShitAmericansSay', u'PS4', u'BreedingDittos', u'Animesuggest', u'cringe', u'gonewildaudio', u'photoshopbattles', u'SkincareAddiction', u'holidaybullshit', u'GlobalOffensiveTrade', u'personalfinance', u'redditgetsdrawn', u'GiftofGames', u'australia', u'Documentaries', u'Drugs', u'randomactsofcsgo', u'bodybuilding']
working on farkwadian
	visited: [u'nba', u'videos', u'battlefield3', u'NBA2k', u'totalwar', u'pics', u'aww', u'TheRedPill', u'short', u'gifs', u'LifeProTips', u'funny', u'holdmybeer', u'AskReddit', u'WTF', u'AdviceAnimals', u'Music', u'vancouverwa', u'TwoXChromosomes']
working on betablueballs
	visited: [u'TheRedPill']
working on vengefully_yours
	visited: [u'TheRedPill', u'classiccars', u'asktrp', u'AskReddit', u'news', u'AdviceAnimals', u'videos', u'science', u'todayilearned']
working on MagnanimousGenius
	visited: [u'Aleague', u'TheRedPill', u'asktrp', u'swoleacceptance', u'gaming', u'clubbing', u'trpgame', u'sony', u'SonyXperia', u'redpillbooks', u'becomeaman', u'TRPOffTopic', u'football']
working on trplurker
	visited: [u'TheRedPill']
working on vizakenjack
	visited: [u'TheRedPill', u'goingtohellforthis', u'msu', u'IAmA', u'news', u'politics', u'JusticePorn', u'creepy', u'dataisbeautiful', u'tifu']
working on AmazingAndy
	visited: [u'askgaybros', u'CodAW', u'Drugs', u'MechanicalKeyboards', u'exmuslim', u'auslaw', u'learndota2', u'UWS', u'TheRedPill', u'MensRights', u'motorcycles', u'todayilearned', u'australia', u'Military', u'AskWomen', u'TwoXChromosomes', u'blackops2', u'firstworldproblems', u'southpark', u'AskMen', u'Tinder', u'sydney', u'headphones', u'technology', u'sex', u'DebateReligion', u'relationship_advice', u'zyzz']
working on Smekiz
	visited: [u'AskCulinary', u'asktrp', u'195', u'askmedicine', u'TheRedPill', u'svenskpolitik', u'pcmasterrace', u'GlobalOffensive', u'intrusivethoughts', u'4chan', u'sweden', u'food', u'casualiama']
working on CochinBrahmaLover
	visited: [u'TheBluePill', u'Rabbits', u'perfectloops', u'lewronggeneration', u'mildlyinteresting', u'marijuanaenthusiasts', u'whatsthisbird', u'forwardsfromgrandma', u'spiders', u'rant', u'cactus', u'tifu', u'Awwducational', u'Aquariums', u'OutOfTheLoop', u'SanJose', u'Unexpected', u'video', u'birdpics', u'parrots', u'TumblrInAction', u'gifs', u'todayilearned', u'TheRedPill', u'explainlikeimfive', u'short', u'Dinosaurs', u'interestingasfuck', u'Pets', u'pics', u'BackYardChickens', u'TwoXChromosomes', u'beards', u'AskReddit']
working on richardnorth
	visited: [u'MensRights', u'TheRedPill', u'cscareerquestions', u'MGTOW']
working on randomchaos1
	visited: [u'PoliticalDiscussion', u'TwoXChromosomes', u'4chan', u'TheRedPill', u'MensRights', u'politics', u'news', u'ImGoingToHellForThis', u'worldnews', u'changemyview', u'AskReddit', u'circlejerk', u'Feminism', u'nottheonion', u'eu4', u'dataisbeautiful', u'KotakuInAction']
working on SWABteam
	visited: [u'Accounting', u'emulation', u'MensRights', u'pics', u'gaming', u'AdviceAnimals', u'buildapc', u'HVAC', u'overclocking', u'CPA', u'pcmasterrace', u'vinyl', u'jailbreak', u'NoFap', u'TheRedPill', u'AskReddit', u'Android', u'funny', u'woahdude', u'videos', u'asoiaf', u'reactiongifs', u'DunderMifflin', u'startrek', u'relationships', u'todayilearned', u'GrandTheftAutoV', u'shittyrobots', u'thewalkingdead']
working on trpMilo
	visited: [u'TheRedPill', u'asktrp']
working on MachineGunTeacher
	visited: [u'SurpriseAppearances', u'CrazyIdeas', u'movies', u'TheRedPill', u'relationships', u'AskReddit', u'BlackPeopleTwitter', u'Teachers', u'PublicFreakout', u'news', u'booksuggestions', u'bestof', u'bestofworldstar', u'SquaredCircle', u'punchablefaces', u'WTF', u'baseball', u'videos', u'OaklandAthletics', u'SNL', u'cringe', u'todayilearned', u'DeadBedrooms', u'JusticePorn', u'trashy', u'teaching', u'AdviceAnimals']
working on oldredder
	visited: [u'spam', u'TheRedPill', u'todayilearned', u'asktrp']
working on User-31f64a4e
	visited: [u'SFstories', u'Eve', u'MensRights', u'PhoebeCrusadeWarRoom', u'TheRedPill', u'KotakuInAction', u'MGTOW', u'sciencefiction']
working on wewillbefree
	visited: [u'chemhelp', u'dogshaming', u'TheRedPill', u'asktrp', u'Portland', u'AskScienceDiscussion']
working on lorean
	visited: [u'photoshopbattles', u'bjj', u'CrappyDesign', u'TheBluePill', u'fifthworldproblems', u'explainlikeimfive', u'askseddit', u'seduction', u'teslacirclejerk', u'Austin', u'business', u'Economics', u'TheRedPill', u'DotA2', u'socialskills', u'personalfinance', u'AskWomen', u'Edmonton', u'uwaterloo', u'AskMen', u'InteriorDesign', u'Portland', u'offmychest', u'Eve']
working on Pornography_saves_li
	visited: [u'MensRights', u'TheRedPill', u'RedPillWomen']
working on J2501
	visited: [u'TheRedPill', u'Dallas', u'MGTOW', u'MensRights', u'LibertarianSocialism', u'guitarinstrumentals', u'classicalguitar', u'OutlawCountry', u'CountryMusic', u'country', u'Mafia', u'politics', u'classicalmusic', u'HardRock', u'rock', u'Metal', u'plano', u'prisonreform', u'books', u'Libertarian', u'guitarcirclejerk', u'AdviceAnimals', u'atheism', u'Anarchism', u'Guitar', u'neuroscience', u'socialism', u'todayilearned', u'science', u'AskReddit', u'psychology', u'Music']
working on Potatobuttock
	visited: [u'WritingPrompts', u'FL_Studio', u'transcribe', u'Psychedelic', u'Jazz', u'dubstep', u'edmproduction', u'WeAreTheMusicMakers', u'edmprodcirclejerk', u'triphop', u'IWantToLearn', u'idm', u'DMT', u'LSD', u'freealbumart', u'TripSit', u'psytrance', u'Berklee', u'Drugs', u'Psychonaut', u'futurebeats', u'StackAdvice', u'SheepMarketplace', u'MDMA', u'TheRedPill', u'LucidDreaming', u'satanism', u'AgMarketplace', u'musictheory', u'bodybuilding', u'piano', u'PurplePillDebate', u'socialskills', u'depression', u'DecidingToBeBetter', u'bodyweightfitness', u'ZenHabits', u'trance']
working on breadandbutter420
	visited: [u'asktrp', u'facepalm', u'TheRedPill', u'raisedbynarcissists', u'dating_advice', u'LetsGetLaid', u'justneckbeardthings', u'Music', u'MGTOW', u'ForeverAlone', u'AdviceAnimals', u'offmychest', u'TrueOffMyChest', u'OkCupid', u'AskMen', u'news', u'TheBluePill', u'seduction', u'GoneWildPlus', u'PurplePillDebate']
working on quodestveritas
	visited: [u'Showerthoughts', u'reddit.com', u'WTF', u'programming', u'AskReddit', u'atheism', u'TwoXChromosomes', u'Feminism', u'russia', u'funny', u'pics']
working on im-really-not-batman
	visited: [u'weezer', u'WeAreTheMusicMakers', u'gameofthrones', u'Feminism', u'punchablefaces', u'Catholicism', u'Music']
working on ceeho
	visited: [u'Feminism', u'AskReddit', u'femalefashionadvice', u'insomnia', u'Music', u'Dentistry', u'painting', u'tifu', u'sex', u'canada', u'childfree', u'relationships', u'Watercolor', u'Calgary', u'trees']
working on fattict
	visited: [u'Music', u'punchablefaces', u'ffxiv', u'Feminism', u'pussypassdenied', u'technology', u'im14andthisisdeep', u'AdviceAnimals', u'pics', u'comics', u'worldpolitics', u'wow', u'sports', u'ImGoingToHellForThis', u'funny', u'youdontsurf', u'AskReddit', u'gaming', u'todayilearned', u'thesims', u'tifu', u'hearthstone', u'news', u'FinalFantasy']
working on randydog
	visited: [u'DoesAnybodyElse', u'LSD', u'dogs', u'Showerthoughts', u'Feminism', u'MensRights', u'blunderyears', u'Infographics', u'trashy', u'sex', u'AskWomen', u'AskReddit', u'relationships', u'AskMen', u'nottheonion', u'aww', u'LucidDreaming', u'creepy']
working on aMassiveShit
	visited: [u'ADHD', u'Drugs', u'buildapc', u'LucidDreaming', u'advancedluciddreaming', u'Feminism', u'watchpeopledie', u'todayilearned', u'Physics', u'CrappyDesign', u'FiftyFifty', u'space', u'ambien', u'benzodiazepines', u'ImGoingToHellForThis', u'MorbidReality', u'flying', u'WTF', u'AskReddit']
working on kuroiniji
	visited: [u'FeMRADebates', u'MensRights', u'Feminism', u'AskFeminists']
working on inonesock
	visited: [u'Feminism', u'woahdude', u'AskReddit', u'TheWayWeWere', u'WTF', u'Music', u'AdviceAnimals', u'videos', u'trees', u'HistoryPorn', u'books', u'funny', u'movies']
working on tweedsweed
	visited: [u'teenagers', u'TumblrInAction', u'cars', u'AskReddit', u'NoStupidQuestions', u'politics', u'casualiama', u'explainlikeimfive', u'MeanJokes', u'Stance', u'Feminism', u'Guitar', u'Justrolledintotheshop', u'im14andthisisdeep', u'Shitty_Car_Mods']
working on Yosarian2
	visited: [u'longevity', u'Transhuman', u'europe', u'AnythingGoesNews', u'worldnews', u'TrueReddit', u'postnationalist', u'USNEWS', u'news', u'politics', u'technology', u'economy', u'environment', u'worldpolitics', u'Futurology', u'Automate', u'inthenews', u'futuristparty', u'transhumanism', u'nottheonion', u'Economics', u'Feminism', u'PoliticalHumor', u'Ask_Politics', u'FutureWhatIf']
working on sloogle
	visited: [u'childfree', u'Feminism', u'quityourbullshit', u'bestof', u'science', u'punchablefaces', u'explainlikeimfive', u'AskReddit', u'nottheonion', u'delusionalartists', u'LifeProTips', u'AskFeminists', u'cats', u'thatHappened', u'technology', u'HoldMyNip', u'WTF', u'JusticePorn', u'cringepics', u'videos', u'Music', u'trashy', u'atheism', u'Fiveheads', u'notreallyfamous']
working on neuHampster
	visited: [u'TwoXChromosomes', u'Shitstatistssay', u'politics', u'LucidDreaming', u'socialism', u'EatCheapAndHealthy', u'AskDocs', u'AdviceAnimals', u'Feminism', u'todayilearned', u'science', u'worldnews', u'pics', u'Frugal', u'Libertarian', u'AskReddit', u'TrueReddit', u'humanrights', u'libertarianmeme', u'nottheonion', u'changemyview']
working on KanadaKid19
	visited: [u'Fitness', u'todayilearned', u'starcraft', u'pics', u'weightroom', u'funny', u'AskReddit', u'Filmmakers', u'photography', u'loseit', u'atheism', u'applehelp', u'starcraft2', u'day9', u'Feminism', u'worldnews', u'AdviceAnimals', u'science', u'gifs', u'programming', u'powerlifting', u'Strongman', u'mildlyinteresting', u'movies']
working on Azurill
	visited: [u'pics', u'aww', u'CrappyDesign', u'oddlysatisfying', u'OkCupid', u'AdviceAnimals', u'gaming', u'gifs', u'circlejerk', u'Feminism', u'AskReddit', u'creepyPMs', u'Rateme', u'ForeverAlone', u'amiugly', u'OnePiece', u'GirlswithNeonHair', u'trees', u'socialism', u'Tinder', u'ForeverAloneWomen', u'electronicmusic', u'cringe', u'TheRedPill']
working on abhikavi
	visited: [u'AdviceAnimals', u'HomeImprovement', u'AskReddit', u'RealEstate', u'Feminism', u'bestof', u'todayilearned', u'pics', u'funny', u'science', u'actuallesbians', u'politics', u'WTF']
working on talones
	visited: [u'MechanicalKeyboards', u'assassinscreed', u'iphone', u'StarWars', u'mechmarket', u'jailbreak', u'Coffee', u'MINI', u'AlienBlue', u'GrandTheftAutoV', u'Denver', u'movies', u'technology', u'AdviceAnimals', u'Feminism', u'videos', u'lego', u'nyc', u'ipad', u'mac', u'networking', u'techsupport', u'RedditDayOf', u'windows8', u'gifs', u'techsupportmacgyver']
working on Sethex
	visited: [u'Planetside', u'Economics', u'pcgaming', u'gaming', u'pcmasterrace', u'paradoxplaza', u'diablo3', u'islam', u'exmuslim', u'Muslim', u'Diablo3Monks', u'canada', u'MapPorn', u'cringepics', u'starcraft', u'MechanicalKeyboards', u'funny', u'gloriouspcmasterrace', u'economy', u'politics', u'circlejerk', u'pics', u'ottawa', u'WTF', u'firstworldproblems', u'SOPA', u'TrueDetective', u'Feminism', u'socialism', u'AskReddit', u'EmeraldPS2', u'wikipedia', u'humor', u'metacanada']
working on grrrlriot
	visited: [u'riotgrrrl', u'Feminism', u'grunge', u'punk', u'BeavisAndButthead', u'childfree', u'prochoice', u'numetal', u'goth', u'news', u'foxes']
working on twistytwisty
	visited: [u'kansascity', u'Feminism', u'RandomActsofCards', u'personalfinance', u'xxfitness', u'DIY', u'scifi', u'SandBoxxit', u'AskReddit', u'jobs', u'booksuggestions', u'progresspics', u'writing', u'Frugal', u'loseit', u'AskFeminists', u'Fitness', u'crochet', u'tattoo', u'knitting', u'law', u'pics', u'gardening']
working on demmian
	visited: [u'Feminism', u'AutoModerator', u'starcraft', u'RedditDayOf', u'philosophy', u'feminismformen', u'titleix', u'AskFeminists', u'Buddhism']
working on ktoth04
	visited: [u'atlassian', u'Hawaii', u'AskCulinary', u'Appliances', u'crochet', u'woweconomy', u'atheism', u'techsupport', u'FrugalFemaleFashion', u'DicePorn', u'Transmogrification', u'wowguilds', u'ProgrammerHumor', u'bleachshirts', u'SkincareAddiction', u'knitting', u'BaltimoreGaymers', u'Towson', u'jhu', u'maryland', u'harfordcountymd', u'CecilCounty', u'baltimore', u'shittyfoodporn', u'Bacon', u'TrollXChromosomes', u'lfg', u'BaltimoreCounty', u'cats', u'comicbooks', u'comics', u'boardgames', u'powerwashingporn', u'Beekeeping', u'texas', u'whatsthisbug', u'relationships', u'IWantToLearn', u'Pets', u'personalfinance', u'Feminism', u'doctorwho', u'wow', u'AskWomen', u'WowUI', u'AskReddit', u'crafts', u'financialindependence', u'catpictures']
working on SisterRayVU
	visited: [u'malefashion', u'punk', u'realdubstep', u'supremeclothing', u'UtopiaFOX', u'ebola', u'trapmuzik', u'LawSchool', u'OCPoetry', u'FloridaMan', u'NYCapartments', u'grime', u'tipofmytongue', u'hiphopheads', u'MaleFashionMarket', u'Feminism', u'relationships', u'poker', u'worldnews', u'law', u'ShitRedditSays', u'AskReddit', u'Foodforthought', u'malefashionadvice', u'nfl', u'funny']
working on yourheartwasalegend
	visited: [u'infj', u'Anxiety', u'intjcirclejerk', u'INTP', u'mbti', u'Feminism', u'trees', u'AskReddit', u'serialpodcast', u'explainlikeimfive', u'Music', u'books', u'punchablefaces', u'femalefashionadvice', u'EatingDisorders', u'AskWomen', u'toronto']
working on doonuter
	visited: [u'WeAreTheMusicMakers', u'Anarchism', u'DebateAnarchism', u'ShitRedditSays', u'Anarchy101', u'SRSDiscussion', u'circlejerk', u'Music', u'OkCupid', u'dating_advice', u'atheism', u'videos', u'listentothis', u'pics', u'space', u'transhumanism', u'politics', u'WTF', u'hiphopheads', u'philosophy', u'Feminism', u'religion', u'socialism']
working on Tyranny_of_Bidoof
	visited: [u'redditrequest', u'AdviceAnimals', u'Feminism']
working on DeviantDork
	visited: [u'Feminism', u'MensRights']
working on Ornotwell
	visited: [u'Feminism', u'Conservative', u'todayilearned']
working on OktoberStorm
	visited: [u'darksouls', u'norge', u'gaming', u'drunk', u'pcmasterrace', u'DarkSouls2', u'youtube', u'asoiaf', u'AskReddit', u'beards', u'classicalguitar', u'css', u'WeAreTheMusicMakers', u'classicalmusic', u'civ', u'composer', u'explainlikeimfive', u'CrazyIdeas', u'truegaming', u'computers', u'buildapc', u'AskTechnology', u'ENGLISH', u'Norway', u'AutoModerator', u'gentlemanboners', u'TrollXChromosomes', u'Feminism', u'AdviceAnimals', u'tumblr', u'food', u'pics', u'interestingasfuck', u'mensa', u'breakingbad', u'todayilearned', u'funny', u'Futurology']
working on whoa_yall
	visited: [u'news', u'funny', u'Feminism', u'IAmA', u'Louisiana', u'Acadiana', u'AskReddit', u'yoga', u'offmychest', u'fantasyfootball', u'books', u'beer', u'videos', u'television', u'politics', u'Music', u'QuotesPorn', u'atheism', u'dataisbeautiful', u'todayilearned', u'Documentaries']
working on dayv11
	visited: [u'Troll4Troll', u'TrollXChromosomes', u'Feminism', u'godwinslaw', u'trees', u'atheism', u'dogsincars', u'bindingofisaac', u'civbeyondearth', u'Borderlands', u'BorderlandsPreSequel']
working on scrogneugneu
	visited: [u'france', u'Feminism']
working on franny__glass
	visited: [u'RedPillTrollX', u'muacirclejerk', u'SkincareAddiction', u'applehelp', u'findfashion', u'femalefashionadvice', u'TheBluePill', u'OldSchoolCool', u'Music', u'Feminism', u'television', u'movies', u'TumblrInAction', u'howtonotgiveafuck']
working on xyz1983
	visited: [u'feminisms', u'AskWomen', u'AskFeminists', u'Feminism', u'history', u'China']
working on Cockdieselallthetime
	visited: [u'DestinyTheGame', u'GTAV', u'badpolitics', u'AskReddit', u'Scotch', u'Shitstatistssay', u'punchablefaces', u'Fireteams', u'news', u'Michigan', u'StreetFights', u'skyrimmods', u'ShitPoliticsSays', u'AdviceAnimals', u'todayilearned', u'Feminism', u'nostalgia', u'economy', u'xboxone', u'videos']
looked at a total of 74 redditors.
found a total of 651 subreddits.
here are the edges with weight > 1:
(u'relationships', u'MensRights', 2)
(u'relationships', u'AdviceAnimals', 2)
(u'relationships', u'cringe', 2)
(u'relationships', u'AskWomen', 2)
(u'relationships', u'sex', 2)
(u'relationships', u'trashy', 2)
(u'relationships', u'SkincareAddiction', 2)
(u'relationships', u'AskReddit', 8)
(u'relationships', u'worldnews', 2)
(u'relationships', u'personalfinance', 2)
(u'relationships', u'todayilearned', 2)
(u'relationships', u'tifu', 3)
(u'relationships', u'TheRedPill', 3)
(u'relationships', u'videos', 3)
(u'relationships', u'funny', 2)
(u'relationships', u'Feminism', 4)
(u'Showerthoughts', u'Feminism', 2)
(u'Showerthoughts', u'AskReddit', 2)
(u'benzodiazepines', u'Drugs', 2)
(u'photoshopbattles', u'personalfinance', 2)
(u'photoshopbattles', u'DotA2', 2)
(u'CrappyDesign', u'Feminism', 2)
(u'CrappyDesign', u'TheRedPill', 2)
(u'CrappyDesign', u'AskReddit', 2)
(u'techsupport', u'AskReddit', 2)
(u'techsupport', u'Feminism', 2)
(u'techsupport', u'wow', 2)
(u'techsupport', u'AdviceAnimals', 2)
(u'techsupport', u'AskCulinary', 2)
(u'techsupport', u'jailbreak', 2)
(u'techsupport', u'TrollXChromosomes', 2)
(u'Libertarian', u'todayilearned', 2)
(u'Libertarian', u'politics', 2)
(u'Libertarian', u'AskReddit', 2)
(u'Libertarian', u'socialism', 2)
(u'Libertarian', u'science', 2)
(u'Libertarian', u'AdviceAnimals', 2)
(u'depression', u'electronic_cigarette', 2)
(u'depression', u'PurplePillDebate', 2)
(u'depression', u'DMT', 2)
(u'depression', u'Drugs', 2)
(u'depression', u'TheRedPill', 3)
(u'LSD', u'LucidDreaming', 2)
(u'socialskills', u'TheRedPill', 2)
(u'worldnews', u'dataisbeautiful', 2)
(u'worldnews', u'relationships', 2)
(u'worldnews', u'leagueoflegends', 2)
(u'worldnews', u'MensRights', 3)
(u'worldnews', u'australia', 3)
(u'worldnews', u'nottheonion', 3)
(u'worldnews', u'Fitness', 2)
(u'worldnews', u'gifs', 2)
(u'worldnews', u'4chan', 2)
(u'worldnews', u'AskReddit', 11)
(u'worldnews', u'mildlyinteresting', 2)
(u'worldnews', u'sex', 2)
(u'worldnews', u'changemyview', 2)
(u'worldnews', u'TwoXChromosomes', 3)
(u'worldnews', u'Feminism', 6)
(u'worldnews', u'AdviceAnimals', 5)
(u'worldnews', u'news', 3)
(u'worldnews', u'pics', 4)
(u'worldnews', u'TrueReddit', 2)
(u'worldnews', u'todayilearned', 4)
(u'worldnews', u'tifu', 2)
(u'worldnews', u'Drugs', 2)
(u'worldnews', u'explainlikeimfive', 2)
(u'worldnews', u'worldpolitics', 2)
(u'worldnews', u'science', 4)
(u'worldnews', u'TheRedPill', 7)
(u'worldnews', u'videos', 4)
(u'worldnews', u'politics', 5)
(u'worldnews', u'technology', 2)
(u'worldnews', u'gaming', 2)
(u'worldnews', u'funny', 5)
(u'personalfinance', u'relationships', 2)
(u'personalfinance', u'photoshopbattles', 2)
(u'personalfinance', u'AskReddit', 4)
(u'personalfinance', u'AskWomen', 3)
(u'personalfinance', u'SkincareAddiction', 2)
(u'personalfinance', u'GetMotivated', 2)
(u'personalfinance', u'crochet', 2)
(u'personalfinance', u'AskMen', 2)
(u'personalfinance', u'TheRedPill', 2)
(u'personalfinance', u'DotA2', 2)
(u'personalfinance', u'Feminism', 2)
(u'personalfinance', u'knitting', 2)
(u'pics', u'WTF', 5)
(u'pics', u'trees', 2)
(u'pics', u'Fitness', 2)
(u'pics', u'beards', 2)
(u'pics', u'gifs', 5)
(u'pics', u'WeAreTheMusicMakers', 2)
(u'pics', u'AskReddit', 14)
(u'pics', u'mildlyinteresting', 2)
(u'pics', u'interestingasfuck', 2)
(u'pics', u'TwoXChromosomes', 4)
(u'pics', u'Android', 2)
(u'pics', u'wow', 2)
(u'pics', u'AdviceAnimals', 9)
(u'pics', u'worldnews', 4)
(u'pics', u'pcmasterrace', 3)
(u'pics', u'circlejerk', 3)
(u'pics', u'OkCupid', 2)
(u'pics', u'Frugal', 2)
(u'pics', u'programming', 2)
(u'pics', u'buildapc', 2)
(u'pics', u'todayilearned', 8)
(u'pics', u'Music', 3)
(u'pics', u'tifu', 2)
(u'pics', u'loseit', 2)
(u'pics', u'sports', 2)
(u'pics', u'explainlikeimfive', 3)
(u'pics', u'asoiaf', 2)
(u'pics', u'science', 3)
(u'pics', u'TheRedPill', 7)
(u'pics', u'firstworldproblems', 2)
(u'pics', u'socialism', 4)
(u'pics', u'videos', 4)
(u'pics', u'politics', 5)
(u'pics', u'starcraft', 2)
(u'pics', u'funny', 10)
(u'pics', u'Feminism', 10)
(u'pics', u'gaming', 6)
(u'pics', u'aww', 4)
(u'pics', u'short', 2)
(u'pics', u'atheism', 4)
(u'TrueReddit', u'politics', 2)
(u'TrueReddit', u'Feminism', 2)
(u'TrueReddit', u'nottheonion', 2)
(u'TrueReddit', u'worldnews', 2)
(u'todayilearned', u'relationships', 2)
(u'todayilearned', u'exmuslim', 2)
(u'todayilearned', u'classicalguitar', 2)
(u'todayilearned', u'MensRights', 3)
(u'todayilearned', u'australia', 2)
(u'todayilearned', u'beards', 2)
(u'todayilearned', u'gifs', 3)
(u'todayilearned', u'AskReddit', 15)
(u'todayilearned', u'Libertarian', 2)
(u'todayilearned', u'mildlyinteresting', 2)
(u'todayilearned', u'interestingasfuck', 2)
(u'todayilearned', u'books', 2)
(u'todayilearned', u'TwoXChromosomes', 3)
(u'todayilearned', u'Android', 2)
(u'todayilearned', u'Feminism', 9)
(u'todayilearned', u'AdviceAnimals', 12)
(u'todayilearned', u'worldnews', 4)
(u'todayilearned', u'pcmasterrace', 2)
(u'todayilearned', u'ImGoingToHellForThis', 2)
(u'todayilearned', u'bestof', 2)
(u'todayilearned', u'LucidDreaming', 2)
(u'todayilearned', u'classicalmusic', 2)
(u'todayilearned', u'news', 6)
(u'todayilearned', u'pics', 8)
(u'todayilearned', u'buildapc', 3)
(u'todayilearned', u'Music', 3)
(u'todayilearned', u'tifu', 2)
(u'todayilearned', u'CrazyIdeas', 2)
(u'todayilearned', u'Drugs', 2)
(u'todayilearned', u'sports', 2)
(u'todayilearned', u'explainlikeimfive', 3)
(u'todayilearned', u'WTF', 3)
(u'todayilearned', u'asoiaf', 2)
(u'todayilearned', u'television', 2)
(u'todayilearned', u'science', 5)
(u'todayilearned', u'TheRedPill', 9)
(u'todayilearned', u'movies', 2)
(u'todayilearned', u'socialism', 2)
(u'todayilearned', u'punchablefaces', 3)
(u'todayilearned', u'videos', 7)
(u'todayilearned', u'politics', 4)
(u'todayilearned', u'technology', 3)
(u'todayilearned', u'funny', 7)
(u'todayilearned', u'Shitstatistssay', 2)
(u'todayilearned', u'gaming', 5)
(u'todayilearned', u'asktrp', 2)
(u'todayilearned', u'atheism', 3)
(u'jailbreak', u'videos', 2)
(u'jailbreak', u'funny', 2)
(u'jailbreak', u'AskReddit', 2)
(u'jailbreak', u'GrandTheftAutoV', 2)
(u'jailbreak', u'TheRedPill', 2)
(u'jailbreak', u'AdviceAnimals', 3)
(u'jailbreak', u'techsupport', 2)
(u'Health', u'AskMen', 2)
(u'Health', u'TheRedPill', 2)
(u'Health', u'AskReddit', 2)
(u'Drugs', u'LucidDreaming', 2)
(u'Drugs', u'leagueoflegends', 2)
(u'Drugs', u'benzodiazepines', 2)
(u'Drugs', u'AskReddit', 3)
(u'Drugs', u'australia', 3)
(u'Drugs', u'DMT', 2)
(u'Drugs', u'depression', 2)
(u'Drugs', u'wow', 2)
(u'Drugs', u'worldnews', 2)
(u'Drugs', u'MDMA', 2)
(u'Drugs', u'todayilearned', 2)
(u'Drugs', u'TheRedPill', 4)
(u'Drugs', u'firstworldproblems', 2)
(u'Drugs', u'bodybuilding', 2)
(u'sports', u'todayilearned', 2)
(u'sports', u'funny', 2)
(u'sports', u'AskReddit', 2)
(u'sports', u'gaming', 2)
(u'sports', u'pics', 2)
(u'sports', u'AdviceAnimals', 2)
(u'Eve', u'TheRedPill', 2)
(u'LifeProTips', u'videos', 2)
(u'LifeProTips', u'Music', 2)
(u'LifeProTips', u'WTF', 2)
(u'LifeProTips', u'AskReddit', 2)
(u'asoiaf', u'buildapc', 2)
(u'asoiaf', u'todayilearned', 2)
(u'asoiaf', u'funny', 2)
(u'asoiaf', u'AdviceAnimals', 2)
(u'asoiaf', u'pcmasterrace', 2)
(u'asoiaf', u'gaming', 2)
(u'asoiaf', u'pics', 2)
(u'asoiaf', u'AskReddit', 2)
(u'AskMen', u'PurplePillDebate', 2)
(u'AskMen', u'TheBluePill', 2)
(u'AskMen', u'MensRights', 3)
(u'AskMen', u'offmychest', 2)
(u'AskMen', u'AskWomen', 4)
(u'AskMen', u'sex', 3)
(u'AskMen', u'AskReddit', 3)
(u'AskMen', u'personalfinance', 2)
(u'AskMen', u'seduction', 2)
(u'AskMen', u'Health', 2)
(u'AskMen', u'TheRedPill', 5)
(u'AskMen', u'ForeverAlone', 2)
(u'science', u'cringepics', 2)
(u'science', u'WTF', 2)
(u'science', u'MensRights', 2)
(u'science', u'nottheonion', 2)
(u'science', u'Fitness', 2)
(u'science', u'AdviceAnimals', 6)
(u'science', u'Libertarian', 2)
(u'science', u'mildlyinteresting', 2)
(u'science', u'Feminism', 4)
(u'science', u'AskReddit', 8)
(u'science', u'worldnews', 4)
(u'science', u'bestof', 2)
(u'science', u'todayilearned', 5)
(u'science', u'Music', 2)
(u'science', u'explainlikeimfive', 2)
(u'science', u'TheRedPill', 4)
(u'science', u'socialism', 2)
(u'science', u'videos', 2)
(u'science', u'politics', 3)
(u'science', u'pics', 3)
(u'science', u'funny', 3)
(u'science', u'asktrp', 2)
(u'science', u'atheism', 3)
(u'firstworldproblems', u'exmuslim', 2)
(u'firstworldproblems', u'MechanicalKeyboards', 2)
(u'firstworldproblems', u'pics', 2)
(u'firstworldproblems', u'Drugs', 2)
(u'firstworldproblems', u'TheRedPill', 2)
(u'movies', u'videos', 3)
(u'movies', u'todayilearned', 2)
(u'movies', u'Music', 2)
(u'movies', u'Feminism', 4)
(u'movies', u'funny', 2)
(u'movies', u'AdviceAnimals', 4)
(u'movies', u'applehelp', 2)
(u'movies', u'WTF', 2)
(u'movies', u'gifs', 2)
(u'movies', u'AskReddit', 3)
(u'punk', u'Feminism', 2)
(u'india', u'GetMotivated', 2)
(u'asktrp', u'todayilearned', 2)
(u'asktrp', u'AskReddit', 2)
(u'asktrp', u'AskCulinary', 2)
(u'asktrp', u'news', 2)
(u'asktrp', u'science', 2)
(u'asktrp', u'TheRedPill', 10)
(u'asktrp', u'AdviceAnimals', 4)
(u'ShitRedditSays', u'Feminism', 2)
(u'ShitRedditSays', u'hiphopheads', 2)
(u'im14andthisisdeep', u'Feminism', 2)
(u'im14andthisisdeep', u'AskReddit', 2)
(u'economy', u'politics', 2)
(u'economy', u'Feminism', 3)
(u'economy', u'Economics', 2)
(u'economy', u'news', 2)
(u'economy', u'AskReddit', 2)
(u'gaming', u'pcmasterrace', 3)
(u'gaming', u'gifs', 2)
(u'gaming', u'AskReddit', 7)
(u'gaming', u'Android', 2)
(u'gaming', u'Feminism', 4)
(u'gaming', u'AdviceAnimals', 6)
(u'gaming', u'worldnews', 2)
(u'gaming', u'circlejerk', 2)
(u'gaming', u'news', 2)
(u'gaming', u'pics', 6)
(u'gaming', u'buildapc', 2)
(u'gaming', u'todayilearned', 5)
(u'gaming', u'exmuslim', 2)
(u'gaming', u'sports', 2)
(u'gaming', u'explainlikeimfive', 2)
(u'gaming', u'asoiaf', 2)
(u'gaming', u'TheRedPill', 5)
(u'gaming', u'socialism', 2)
(u'gaming', u'videos', 3)
(u'gaming', u'technology', 2)
(u'gaming', u'funny', 5)
(u'gaming', u'aww', 2)
(u'philosophy', u'Feminism', 2)
(u'law', u'Feminism', 2)
(u'law', u'AskReddit', 2)
(u'short', u'TwoXChromosomes', 2)
(u'short', u'gifs', 2)
(u'short', u'TheRedPill', 2)
(u'short', u'pics', 2)
(u'short', u'AskReddit', 2)
(u'dating_advice', u'OkCupid', 2)
(u'dating_advice', u'Music', 2)
(u'Shitstatistssay', u'todayilearned', 2)
(u'Shitstatistssay', u'Feminism', 2)
(u'Shitstatistssay', u'AskReddit', 2)
(u'Shitstatistssay', u'AdviceAnimals', 2)
(u'ImGoingToHellForThis', u'todayilearned', 2)
(u'ImGoingToHellForThis', u'Feminism', 3)
(u'ImGoingToHellForThis', u'AskReddit', 3)
(u'ImGoingToHellForThis', u'MensRights', 2)
(u'ImGoingToHellForThis', u'news', 2)
(u'ImGoingToHellForThis', u'TheRedPill', 2)
(u'ImGoingToHellForThis', u'AdviceAnimals', 2)
(u'electronic_cigarette', u'depression', 2)
(u'electronic_cigarette', u'TheRedPill', 2)
(u'PurplePillDebate', u'TheRedPill', 3)
(u'PurplePillDebate', u'depression', 2)
(u'PurplePillDebate', u'ForeverAlone', 2)
(u'PurplePillDebate', u'AskMen', 2)
(u'dataisbeautiful', u'politics', 4)
(u'dataisbeautiful', u'Feminism', 2)
(u'dataisbeautiful', u'funny', 2)
(u'dataisbeautiful', u'IAmA', 2)
(u'dataisbeautiful', u'worldnews', 2)
(u'dataisbeautiful', u'news', 3)
(u'dataisbeautiful', u'TheRedPill', 3)
(u'dataisbeautiful', u'4chan', 2)
(u'dataisbeautiful', u'AskReddit', 3)
(u'GlobalOffensive', u'TheRedPill', 2)
(u'Documentaries', u'politics', 2)
(u'Documentaries', u'videos', 2)
(u'Documentaries', u'AskReddit', 2)
(u'WTF', u'JusticePorn', 2)
(u'WTF', u'cringepics', 2)
(u'WTF', u'AdviceAnimals', 4)
(u'WTF', u'TwoXChromosomes', 3)
(u'WTF', u'Feminism', 8)
(u'WTF', u'space', 2)
(u'WTF', u'AskReddit', 9)
(u'WTF', u'bestof', 3)
(u'WTF', u'trashy', 2)
(u'WTF', u'circlejerk', 2)
(u'WTF', u'pics', 5)
(u'WTF', u'todayilearned', 3)
(u'WTF', u'Music', 5)
(u'WTF', u'LifeProTips', 2)
(u'WTF', u'science', 2)
(u'WTF', u'TheRedPill', 3)
(u'WTF', u'movies', 2)
(u'WTF', u'socialism', 2)
(u'WTF', u'punchablefaces', 2)
(u'WTF', u'videos', 6)
(u'WTF', u'politics', 3)
(u'WTF', u'funny', 5)
(u'WTF', u'atheism', 3)
(u'MensRights', u'relationships', 2)
(u'MensRights', u'AskMen', 3)
(u'MensRights', u'nottheonion', 2)
(u'MensRights', u'AskReddit', 6)
(u'MensRights', u'AskWomen', 2)
(u'MensRights', u'sex', 3)
(u'MensRights', u'TwoXChromosomes', 3)
(u'MensRights', u'Feminism', 5)
(u'MensRights', u'AdviceAnimals', 3)
(u'MensRights', u'worldnews', 3)
(u'MensRights', u'todayilearned', 3)
(u'MensRights', u'Music', 2)
(u'MensRights', u'startrek', 2)
(u'MensRights', u'MGTOW', 4)
(u'MensRights', u'science', 2)
(u'MensRights', u'TheRedPill', 10)
(u'MensRights', u'videos', 2)
(u'MensRights', u'KotakuInAction', 2)
(u'MensRights', u'politics', 2)
(u'MensRights', u'ImGoingToHellForThis', 2)
(u'childfree', u'Music', 2)
(u'childfree', u'Feminism', 3)
(u'childfree', u'AskReddit', 2)
(u'food', u'pcmasterrace', 2)
(u'AdviceAnimals', u'socialism', 3)
(u'AdviceAnimals', u'relationships', 2)
(u'AdviceAnimals', u'trees', 2)
(u'AdviceAnimals', u'classicalguitar', 2)
(u'AdviceAnimals', u'woahdude', 2)
(u'AdviceAnimals', u'WTF', 4)
(u'AdviceAnimals', u'MensRights', 3)
(u'AdviceAnimals', u'australia', 2)
(u'AdviceAnimals', u'Fitness', 2)
(u'AdviceAnimals', u'gifs', 5)
(u'AdviceAnimals', u'AskReddit', 16)
(u'AdviceAnimals', u'techsupport', 2)
(u'AdviceAnimals', u'Libertarian', 2)
(u'AdviceAnimals', u'cringe', 2)
(u'AdviceAnimals', u'mildlyinteresting', 2)
(u'AdviceAnimals', u'books', 2)
(u'AdviceAnimals', u'TwoXChromosomes', 2)
(u'AdviceAnimals', u'Feminism', 10)
(u'AdviceAnimals', u'wow', 2)
(u'AdviceAnimals', u'worldnews', 5)
(u'AdviceAnimals', u'pcmasterrace', 2)
(u'AdviceAnimals', u'bestof', 2)
(u'AdviceAnimals', u'classicalmusic', 2)
(u'AdviceAnimals', u'OkCupid', 2)
(u'AdviceAnimals', u'news', 6)
(u'AdviceAnimals', u'pics', 9)
(u'AdviceAnimals', u'buildapc', 2)
(u'AdviceAnimals', u'todayilearned', 12)
(u'AdviceAnimals', u'jailbreak', 3)
(u'AdviceAnimals', u'Music', 5)
(u'AdviceAnimals', u'TrollXChromosomes', 2)
(u'AdviceAnimals', u'CrazyIdeas', 2)
(u'AdviceAnimals', u'MGTOW', 2)
(u'AdviceAnimals', u'sports', 2)
(u'AdviceAnimals', u'explainlikeimfive', 3)
(u'AdviceAnimals', u'GrandTheftAutoV', 2)
(u'AdviceAnimals', u'asoiaf', 2)
(u'AdviceAnimals', u'science', 6)
(u'AdviceAnimals', u'TheRedPill', 11)
(u'AdviceAnimals', u'movies', 4)
(u'AdviceAnimals', u'punchablefaces', 3)
(u'AdviceAnimals', u'videos', 9)
(u'AdviceAnimals', u'politics', 3)
(u'AdviceAnimals', u'technology', 3)
(u'AdviceAnimals', u'Android', 2)
(u'AdviceAnimals', u'funny', 9)
(u'AdviceAnimals', u'ForeverAlone', 2)
(u'AdviceAnimals', u'Shitstatistssay', 2)
(u'AdviceAnimals', u'gaming', 6)
(u'AdviceAnimals', u'asktrp', 4)
(u'AdviceAnimals', u'aww', 3)
(u'AdviceAnimals', u'atheism', 2)
(u'AdviceAnimals', u'ImGoingToHellForThis', 2)
(u'mildlyinteresting', u'todayilearned', 2)
(u'mildlyinteresting', u'Fitness', 2)
(u'mildlyinteresting', u'funny', 2)
(u'mildlyinteresting', u'AdviceAnimals', 2)
(u'mildlyinteresting', u'worldnews', 2)
(u'mildlyinteresting', u'explainlikeimfive', 2)
(u'mildlyinteresting', u'gifs', 2)
(u'mildlyinteresting', u'science', 2)
(u'mildlyinteresting', u'TheRedPill', 2)
(u'mildlyinteresting', u'pics', 2)
(u'mildlyinteresting', u'AskReddit', 3)
(u'books', u'videos', 2)
(u'books', u'todayilearned', 2)
(u'books', u'Music', 4)
(u'books', u'politics', 2)
(u'books', u'Feminism', 3)
(u'books', u'AskReddit', 4)
(u'books', u'funny', 2)
(u'books', u'trees', 2)
(u'books', u'atheism', 2)
(u'books', u'AdviceAnimals', 2)
(u'TwoXChromosomes', u'WTF', 3)
(u'TwoXChromosomes', u'MensRights', 3)
(u'TwoXChromosomes', u'gifs', 2)
(u'TwoXChromosomes', u'AdviceAnimals', 2)
(u'TwoXChromosomes', u'changemyview', 2)
(u'TwoXChromosomes', u'Feminism', 4)
(u'TwoXChromosomes', u'AskReddit', 7)
(u'TwoXChromosomes', u'worldnews', 3)
(u'TwoXChromosomes', u'pics', 4)
(u'TwoXChromosomes', u'todayilearned', 3)
(u'TwoXChromosomes', u'Music', 2)
(u'TwoXChromosomes', u'tifu', 3)
(u'TwoXChromosomes', u'TheRedPill', 6)
(u'TwoXChromosomes', u'videos', 2)
(u'TwoXChromosomes', u'politics', 2)
(u'TwoXChromosomes', u'funny', 2)
(u'TwoXChromosomes', u'nottheonion', 2)
(u'TwoXChromosomes', u'short', 2)
(u'knitting', u'Feminism', 2)
(u'knitting', u'crochet', 2)
(u'knitting', u'personalfinance', 2)
(u'knitting', u'AskReddit', 2)
(u'Feminism', u'relationships', 4)
(u'Feminism', u'Showerthoughts', 2)
(u'Feminism', u'CrappyDesign', 2)
(u'Feminism', u'techsupport', 2)
(u'Feminism', u'trashy', 2)
(u'Feminism', u'personalfinance', 2)
(u'Feminism', u'pics', 10)
(u'Feminism', u'TrueReddit', 2)
(u'Feminism', u'todayilearned', 9)
(u'Feminism', u'science', 4)
(u'Feminism', u'movies', 4)
(u'Feminism', u'AutoModerator', 2)
(u'Feminism', u'punk', 2)
(u'Feminism', u'ShitRedditSays', 2)
(u'Feminism', u'im14andthisisdeep', 2)
(u'Feminism', u'economy', 3)
(u'Feminism', u'gaming', 4)
(u'Feminism', u'philosophy', 2)
(u'Feminism', u'law', 2)
(u'Feminism', u'Shitstatistssay', 2)
(u'Feminism', u'ImGoingToHellForThis', 3)
(u'Feminism', u'dataisbeautiful', 2)
(u'Feminism', u'LucidDreaming', 3)
(u'Feminism', u'WTF', 8)
(u'Feminism', u'MensRights', 5)
(u'Feminism', u'childfree', 3)
(u'Feminism', u'AdviceAnimals', 10)
(u'Feminism', u'books', 3)
(u'Feminism', u'TwoXChromosomes', 4)
(u'Feminism', u'canada', 2)
(u'Feminism', u'space', 2)
(u'Feminism', u'bestof', 2)
(u'Feminism', u'loseit', 2)
(u'Feminism', u'programming', 2)
(u'Feminism', u'explainlikeimfive', 4)
(u'Feminism', u'television', 2)
(u'Feminism', u'TheRedPill', 3)
(u'Feminism', u'aww', 2)
(u'Feminism', u'Futurology', 2)
(u'Feminism', u'crochet', 2)
(u'Feminism', u'TumblrInAction', 2)
(u'Feminism', u'trees', 5)
(u'Feminism', u'worldnews', 6)
(u'Feminism', u'Fitness', 2)
(u'Feminism', u'WeAreTheMusicMakers', 3)
(u'Feminism', u'worldpolitics', 3)
(u'Feminism', u'AskWomen', 4)
(u'Feminism', u'sex', 2)
(u'Feminism', u'changemyview', 2)
(u'Feminism', u'wow', 2)
(u'Feminism', u'pcmasterrace', 2)
(u'Feminism', u'AskFeminists', 5)
(u'Feminism', u'news', 6)
(u'Feminism', u'RedditDayOf', 2)
(u'Feminism', u'buildapc', 2)
(u'Feminism', u'Music', 10)
(u'Feminism', u'femalefashionadvice', 3)
(u'Feminism', u'socialism', 4)
(u'Feminism', u'punchablefaces', 5)
(u'Feminism', u'technology', 4)
(u'Feminism', u'starcraft', 3)
(u'Feminism', u'funny', 9)
(u'Feminism', u'knitting', 2)
(u'Feminism', u'hiphopheads', 2)
(u'Feminism', u'cringepics', 2)
(u'Feminism', u'gifs', 3)
(u'Feminism', u'AskReddit', 22)
(u'Feminism', u'MechanicalKeyboards', 2)
(u'Feminism', u'SkincareAddiction', 2)
(u'Feminism', u'Economics', 2)
(u'Feminism', u'circlejerk', 4)
(u'Feminism', u'OkCupid', 2)
(u'Feminism', u'transhumanism', 2)
(u'Feminism', u'Frugal', 2)
(u'Feminism', u'applehelp', 2)
(u'Feminism', u'TrollXChromosomes', 3)
(u'Feminism', u'tifu', 3)
(u'Feminism', u'cats', 2)
(u'Feminism', u'comics', 2)
(u'Feminism', u'videos', 7)
(u'Feminism', u'politics', 8)
(u'Feminism', u'nottheonion', 5)
(u'Feminism', u'atheism', 7)
(u'canada', u'Feminism', 2)
(u'canada', u'AskReddit', 2)
(u'space', u'Feminism', 2)
(u'space', u'WTF', 2)
(u'leagueoflegends', u'australia', 2)
(u'leagueoflegends', u'AskReddit', 2)
(u'leagueoflegends', u'worldnews', 2)
(u'leagueoflegends', u'Drugs', 2)
(u'bestof', u'videos', 2)
(u'bestof', u'todayilearned', 2)
(u'bestof', u'Feminism', 2)
(u'bestof', u'trashy', 2)
(u'bestof', u'AdviceAnimals', 2)
(u'bestof', u'WTF', 3)
(u'bestof', u'JusticePorn', 2)
(u'bestof', u'science', 2)
(u'bestof', u'AskReddit', 3)
(u'bestof', u'punchablefaces', 2)
(u'trashy', u'videos', 2)
(u'trashy', u'Feminism', 2)
(u'trashy', u'relationships', 2)
(u'trashy', u'WTF', 2)
(u'trashy', u'nottheonion', 2)
(u'trashy', u'bestof', 2)
(u'trashy', u'JusticePorn', 2)
(u'trashy', u'AskReddit', 3)
(u'trashy', u'punchablefaces', 2)
(u'programming', u'Feminism', 2)
(u'programming', u'funny', 2)
(u'programming', u'pics', 2)
(u'programming', u'atheism', 2)
(u'programming', u'AskReddit', 2)
(u'MGTOW', u'Music', 3)
(u'MGTOW', u'AdviceAnimals', 2)
(u'MGTOW', u'MensRights', 4)
(u'MGTOW', u'TheRedPill', 5)
(u'MGTOW', u'AskReddit', 2)
(u'classicalmusic', u'todayilearned', 2)
(u'classicalmusic', u'AskReddit', 2)
(u'classicalmusic', u'classicalguitar', 2)
(u'classicalmusic', u'AdviceAnimals', 2)
(u'seduction', u'TheBluePill', 2)
(u'seduction', u'offmychest', 2)
(u'seduction', u'AskMen', 2)
(u'seduction', u'TheRedPill', 3)
(u'explainlikeimfive', u'cringepics', 2)
(u'explainlikeimfive', u'TheBluePill', 2)
(u'explainlikeimfive', u'beards', 2)
(u'explainlikeimfive', u'gifs', 2)
(u'explainlikeimfive', u'AskReddit', 7)
(u'explainlikeimfive', u'mildlyinteresting', 2)
(u'explainlikeimfive', u'AskWomen', 2)
(u'explainlikeimfive', u'interestingasfuck', 2)
(u'explainlikeimfive', u'Feminism', 4)
(u'explainlikeimfive', u'AdviceAnimals', 3)
(u'explainlikeimfive', u'worldnews', 2)
(u'explainlikeimfive', u'pics', 3)
(u'explainlikeimfive', u'todayilearned', 3)
(u'explainlikeimfive', u'Music', 2)
(u'explainlikeimfive', u'TrollXChromosomes', 2)
(u'explainlikeimfive', u'science', 2)
(u'explainlikeimfive', u'TheRedPill', 4)
(u'explainlikeimfive', u'punchablefaces', 2)
(u'explainlikeimfive', u'videos', 2)
(u'explainlikeimfive', u'funny', 3)
(u'explainlikeimfive', u'gaming', 2)
(u'explainlikeimfive', u'TumblrInAction', 2)
(u'television', u'videos', 2)
(u'television', u'todayilearned', 2)
(u'television', u'Music', 2)
(u'television', u'Feminism', 2)
(u'television', u'news', 2)
(u'television', u'AskReddit', 2)
(u'worldpolitics', u'Music', 2)
(u'worldpolitics', u'tifu', 2)
(u'worldpolitics', u'Feminism', 3)
(u'worldpolitics', u'technology', 2)
(u'worldpolitics', u'worldnews', 2)
(u'worldpolitics', u'news', 2)
(u'worldpolitics', u'AskReddit', 2)
(u'TheRedPill', u'socialism', 2)
(u'TheRedPill', u'PublicFreakout', 2)
(u'TheRedPill', u'electronic_cigarette', 2)
(u'TheRedPill', u'PurplePillDebate', 3)
(u'TheRedPill', u'dataisbeautiful', 3)
(u'TheRedPill', u'relationships', 3)
(u'TheRedPill', u'GlobalOffensive', 2)
(u'TheRedPill', u'TheBluePill', 3)
(u'TheRedPill', u'MDMA', 2)
(u'TheRedPill', u'startrek', 2)
(u'TheRedPill', u'WTF', 3)
(u'TheRedPill', u'CrappyDesign', 2)
(u'TheRedPill', u'MensRights', 10)
(u'TheRedPill', u'offmychest', 2)
(u'TheRedPill', u'australia', 3)
(u'TheRedPill', u'JusticePorn', 2)
(u'TheRedPill', u'trees', 2)
(u'TheRedPill', u'gifs', 4)
(u'TheRedPill', u'4chan', 3)
(u'TheRedPill', u'AskReddit', 17)
(u'TheRedPill', u'Health', 2)
(u'TheRedPill', u'cringe', 3)
(u'TheRedPill', u'mildlyinteresting', 2)
(u'TheRedPill', u'AskWomen', 3)
(u'TheRedPill', u'sex', 3)
(u'TheRedPill', u'DMT', 2)
(u'TheRedPill', u'TwoXChromosomes', 6)
(u'TheRedPill', u'Android', 3)
(u'TheRedPill', u'Feminism', 3)
(u'TheRedPill', u'wow', 2)
(u'TheRedPill', u'AdviceAnimals', 11)
(u'TheRedPill', u'socialskills', 2)
(u'TheRedPill', u'AskCulinary', 2)
(u'TheRedPill', u'worldnews', 7)
(u'TheRedPill', u'DeadBedrooms', 2)
(u'TheRedPill', u'casualiama', 2)
(u'TheRedPill', u'cscareerquestions', 2)
(u'TheRedPill', u'OkCupid', 2)
(u'TheRedPill', u'news', 6)
(u'TheRedPill', u'personalfinance', 2)
(u'TheRedPill', u'pics', 7)
(u'TheRedPill', u'Tinder', 2)
(u'TheRedPill', u'seduction', 3)
(u'TheRedPill', u'todayilearned', 9)
(u'TheRedPill', u'jailbreak', 2)
(u'TheRedPill', u'Music', 4)
(u'TheRedPill', u'exmuslim', 2)
(u'TheRedPill', u'tifu', 4)
(u'TheRedPill', u'circlejerk', 2)
(u'TheRedPill', u'Drugs', 4)
(u'TheRedPill', u'MGTOW', 5)
(u'TheRedPill', u'explainlikeimfive', 4)
(u'TheRedPill', u'AskMen', 5)
(u'TheRedPill', u'science', 4)
(u'TheRedPill', u'firstworldproblems', 2)
(u'TheRedPill', u'changemyview', 2)
(u'TheRedPill', u'videos', 7)
(u'TheRedPill', u'KotakuInAction', 2)
(u'TheRedPill', u'politics', 4)
(u'TheRedPill', u'technology', 2)
(u'TheRedPill', u'funny', 5)
(u'TheRedPill', u'ForeverAlone', 3)
(u'TheRedPill', u'SquaredCircle', 2)
(u'TheRedPill', u'IAmA', 2)
(u'TheRedPill', u'depression', 3)
(u'TheRedPill', u'gaming', 5)
(u'TheRedPill', u'asktrp', 10)
(u'TheRedPill', u'aww', 4)
(u'TheRedPill', u'Eve', 2)
(u'TheRedPill', u'pcmasterrace', 2)
(u'TheRedPill', u'short', 2)
(u'TheRedPill', u'GetMotivated', 2)
(u'TheRedPill', u'atheism', 2)
(u'TheRedPill', u'TumblrInAction', 2)
(u'TheRedPill', u'Portland', 2)
(u'TheRedPill', u'ImGoingToHellForThis', 2)
(u'russia', u'AskReddit', 2)
(u'IAmA', u'dataisbeautiful', 2)
(u'IAmA', u'politics', 2)
(u'IAmA', u'atheism', 2)
(u'IAmA', u'news', 2)
(u'IAmA', u'TheRedPill', 2)
(u'reddit.com', u'AskReddit', 2)
(u'aww', u'trees', 2)
(u'aww', u'gifs', 3)
(u'aww', u'AskReddit', 4)
(u'aww', u'AdviceAnimals', 3)
(u'aww', u'pics', 4)
(u'aww', u'TheRedPill', 4)
(u'aww', u'videos', 2)
(u'aww', u'funny', 2)
(u'aww', u'Feminism', 2)
(u'aww', u'gaming', 2)
(u'Futurology', u'Feminism', 2)
(u'crochet', u'knitting', 2)
(u'crochet', u'Feminism', 2)
(u'crochet', u'personalfinance', 2)
(u'crochet', u'AskReddit', 2)
(u'hearthstone', u'AskReddit', 2)
(u'hearthstone', u'tifu', 2)
(u'TumblrInAction', u'AskReddit', 3)
(u'TumblrInAction', u'SkincareAddiction', 2)
(u'TumblrInAction', u'TheBluePill', 2)
(u'TumblrInAction', u'tifu', 2)
(u'TumblrInAction', u'explainlikeimfive', 2)
(u'TumblrInAction', u'TheRedPill', 2)
(u'TumblrInAction', u'politics', 2)
(u'TumblrInAction', u'Feminism', 2)
(u'LucidDreaming', u'todayilearned', 2)
(u'LucidDreaming', u'LSD', 2)
(u'LucidDreaming', u'Drugs', 2)
(u'LucidDreaming', u'Feminism', 3)
(u'LucidDreaming', u'nottheonion', 2)
(u'LucidDreaming', u'AskReddit', 3)
(u'bodybuilding', u'Drugs', 2)
(u'TheBluePill', u'AskMen', 2)
(u'TheBluePill', u'Music', 2)
(u'TheBluePill', u'seduction', 2)
(u'TheBluePill', u'explainlikeimfive', 2)
(u'TheBluePill', u'offmychest', 2)
(u'TheBluePill', u'TheRedPill', 3)
(u'TheBluePill', u'TumblrInAction', 2)
(u'MDMA', u'Drugs', 2)
(u'MDMA', u'TheRedPill', 2)
(u'booksuggestions', u'AskReddit', 2)
(u'classicalguitar', u'todayilearned', 2)
(u'classicalguitar', u'classicalmusic', 2)
(u'classicalguitar', u'AskReddit', 2)
(u'classicalguitar', u'AdviceAnimals', 2)
(u'GrandTheftAutoV', u'videos', 2)
(u'GrandTheftAutoV', u'AdviceAnimals', 2)
(u'GrandTheftAutoV', u'jailbreak', 2)
(u'JusticePorn', u'videos', 2)
(u'JusticePorn', u'trashy', 2)
(u'JusticePorn', u'WTF', 2)
(u'JusticePorn', u'bestof', 2)
(u'JusticePorn', u'news', 2)
(u'JusticePorn', u'TheRedPill', 2)
(u'JusticePorn', u'AskReddit', 2)
(u'JusticePorn', u'punchablefaces', 2)
(u'trees', u'AdviceAnimals', 2)
(u'trees', u'books', 2)
(u'trees', u'AskReddit', 4)
(u'trees', u'pics', 2)
(u'trees', u'Music', 3)
(u'trees', u'femalefashionadvice', 2)
(u'trees', u'TheRedPill', 2)
(u'trees', u'Feminism', 5)
(u'trees', u'aww', 2)
(u'trees', u'atheism', 2)
(u'Fitness', u'mildlyinteresting', 2)
(u'Fitness', u'Feminism', 2)
(u'Fitness', u'funny', 2)
(u'Fitness', u'loseit', 2)
(u'Fitness', u'AdviceAnimals', 2)
(u'Fitness', u'worldnews', 2)
(u'Fitness', u'science', 2)
(u'Fitness', u'pics', 2)
(u'Fitness', u'AskReddit', 3)
(u'beards', u'todayilearned', 2)
(u'beards', u'interestingasfuck', 2)
(u'beards', u'explainlikeimfive', 2)
(u'beards', u'pics', 2)
(u'beards', u'AskReddit', 2)
(u'WeAreTheMusicMakers', u'Music', 2)
(u'WeAreTheMusicMakers', u'pics', 2)
(u'WeAreTheMusicMakers', u'Feminism', 3)
(u'cringe', u'relationships', 2)
(u'cringe', u'AskReddit', 3)
(u'cringe', u'AdviceAnimals', 2)
(u'cringe', u'TheRedPill', 3)
(u'cringe', u'videos', 2)
(u'AskWomen', u'relationships', 2)
(u'AskWomen', u'MensRights', 2)
(u'AskWomen', u'AskReddit', 4)
(u'AskWomen', u'sex', 2)
(u'AskWomen', u'personalfinance', 3)
(u'AskWomen', u'explainlikeimfive', 2)
(u'AskWomen', u'AskMen', 4)
(u'AskWomen', u'TheRedPill', 3)
(u'AskWomen', u'Feminism', 4)
(u'sex', u'AskWomen', 2)
(u'sex', u'Feminism', 2)
(u'sex', u'MensRights', 3)
(u'sex', u'relationships', 2)
(u'sex', u'worldnews', 2)
(u'sex', u'AskMen', 3)
(u'sex', u'TheRedPill', 3)
(u'sex', u'AskReddit', 4)
(u'DMT', u'depression', 2)
(u'DMT', u'Drugs', 2)
(u'DMT', u'TheRedPill', 2)
(u'changemyview', u'TheRedPill', 2)
(u'changemyview', u'TwoXChromosomes', 2)
(u'changemyview', u'politics', 2)
(u'changemyview', u'Feminism', 2)
(u'changemyview', u'worldnews', 2)
(u'changemyview', u'nottheonion', 2)
(u'changemyview', u'AskReddit', 3)
(u'Android', u'videos', 2)
(u'Android', u'todayilearned', 2)
(u'Android', u'AdviceAnimals', 2)
(u'Android', u'gaming', 2)
(u'Android', u'TheRedPill', 3)
(u'Android', u'pics', 2)
(u'Android', u'AskReddit', 2)
(u'AutoModerator', u'Feminism', 2)
(u'wow', u'comics', 2)
(u'wow', u'AdviceAnimals', 2)
(u'wow', u'techsupport', 2)
(u'wow', u'AskReddit', 3)
(u'wow', u'AskCulinary', 2)
(u'wow', u'pics', 2)
(u'wow', u'TrollXChromosomes', 2)
(u'wow', u'Drugs', 2)
(u'wow', u'TheRedPill', 2)
(u'wow', u'Feminism', 2)
(u'wow', u'funny', 2)
(u'wow', u'atheism', 2)
(u'AskCulinary', u'TrollXChromosomes', 2)
(u'AskCulinary', u'wow', 2)
(u'AskCulinary', u'AskReddit', 2)
(u'AskCulinary', u'asktrp', 2)
(u'AskCulinary', u'TheRedPill', 2)
(u'AskCulinary', u'techsupport', 2)
(u'pcmasterrace', u'food', 2)
(u'pcmasterrace', u'AdviceAnimals', 2)
(u'pcmasterrace', u'Feminism', 2)
(u'pcmasterrace', u'AskReddit', 3)
(u'pcmasterrace', u'pics', 3)
(u'pcmasterrace', u'buildapc', 2)
(u'pcmasterrace', u'todayilearned', 2)
(u'pcmasterrace', u'asoiaf', 2)
(u'pcmasterrace', u'TheRedPill', 2)
(u'pcmasterrace', u'funny', 3)
(u'pcmasterrace', u'gaming', 3)
(u'AskFeminists', u'Feminism', 5)
(u'AskFeminists', u'AskReddit', 2)
(u'casualiama', u'TheRedPill', 2)
(u'casualiama', u'AskReddit', 2)
(u'cscareerquestions', u'TheRedPill', 2)
(u'news', u'dataisbeautiful', 3)
(u'news', u'offmychest', 2)
(u'news', u'JusticePorn', 2)
(u'news', u'AdviceAnimals', 6)
(u'news', u'Feminism', 6)
(u'news', u'AskReddit', 7)
(u'news', u'worldnews', 3)
(u'news', u'todayilearned', 6)
(u'news', u'Music', 3)
(u'news', u'tifu', 2)
(u'news', u'television', 2)
(u'news', u'worldpolitics', 2)
(u'news', u'TheRedPill', 6)
(u'news', u'punchablefaces', 3)
(u'news', u'videos', 5)
(u'news', u'politics', 4)
(u'news', u'technology', 3)
(u'news', u'funny', 2)
(u'news', u'IAmA', 2)
(u'news', u'nottheonion', 2)
(u'news', u'economy', 2)
(u'news', u'gaming', 2)
(u'news', u'asktrp', 2)
(u'news', u'ImGoingToHellForThis', 2)
(u'RedditDayOf', u'Feminism', 2)
(u'GetMotivated', u'AskReddit', 2)
(u'GetMotivated', u'personalfinance', 2)
(u'GetMotivated', u'TheRedPill', 2)
(u'GetMotivated', u'india', 2)
(u'buildapc', u'todayilearned', 3)
(u'buildapc', u'Feminism', 2)
(u'buildapc', u'funny', 2)
(u'buildapc', u'AdviceAnimals', 2)
(u'buildapc', u'pcmasterrace', 2)
(u'buildapc', u'gaming', 2)
(u'buildapc', u'asoiaf', 2)
(u'buildapc', u'pics', 2)
(u'buildapc', u'AskReddit', 3)
(u'Music', u'TheBluePill', 2)
(u'Music', u'WTF', 5)
(u'Music', u'MensRights', 2)
(u'Music', u'offmychest', 2)
(u'Music', u'childfree', 2)
(u'Music', u'WeAreTheMusicMakers', 2)
(u'Music', u'AdviceAnimals', 5)
(u'Music', u'books', 4)
(u'Music', u'TwoXChromosomes', 2)
(u'Music', u'Feminism', 10)
(u'Music', u'AskReddit', 9)
(u'Music', u'OkCupid', 2)
(u'Music', u'news', 3)
(u'Music', u'MGTOW', 3)
(u'Music', u'todayilearned', 3)
(u'Music', u'tifu', 3)
(u'Music', u'femalefashionadvice', 3)
(u'Music', u'explainlikeimfive', 2)
(u'Music', u'LifeProTips', 2)
(u'Music', u'television', 2)
(u'Music', u'worldpolitics', 2)
(u'Music', u'science', 2)
(u'Music', u'TheRedPill', 4)
(u'Music', u'movies', 2)
(u'Music', u'socialism', 2)
(u'Music', u'punchablefaces', 4)
(u'Music', u'videos', 6)
(u'Music', u'politics', 3)
(u'Music', u'pics', 3)
(u'Music', u'technology', 2)
(u'Music', u'funny', 4)
(u'Music', u'Anarchism', 2)
(u'Music', u'trees', 3)
(u'Music', u'dating_advice', 2)
(u'Music', u'atheism', 4)
(u'startrek', u'videos', 2)
(u'startrek', u'MensRights', 2)
(u'startrek', u'TheRedPill', 2)
(u'startrek', u'AskReddit', 2)
(u'femalefashionadvice', u'Music', 3)
(u'femalefashionadvice', u'Feminism', 3)
(u'femalefashionadvice', u'trees', 2)
(u'femalefashionadvice', u'AskReddit', 2)
(u'Guitar', u'politics', 2)
(u'Guitar', u'AskReddit', 2)
(u'hiphopheads', u'ShitRedditSays', 2)
(u'hiphopheads', u'Feminism', 2)
(u'socialism', u'WTF', 2)
(u'socialism', u'AskReddit', 4)
(u'socialism', u'Libertarian', 2)
(u'socialism', u'Feminism', 4)
(u'socialism', u'AdviceAnimals', 3)
(u'socialism', u'circlejerk', 3)
(u'socialism', u'OkCupid', 2)
(u'socialism', u'pics', 4)
(u'socialism', u'todayilearned', 2)
(u'socialism', u'Music', 2)
(u'socialism', u'science', 2)
(u'socialism', u'TheRedPill', 2)
(u'socialism', u'politics', 4)
(u'socialism', u'gaming', 2)
(u'socialism', u'Anarchism', 2)
(u'socialism', u'atheism', 2)
(u'DotA2', u'photoshopbattles', 2)
(u'DotA2', u'personalfinance', 2)
(u'punchablefaces', u'WTF', 2)
(u'punchablefaces', u'JusticePorn', 2)
(u'punchablefaces', u'AdviceAnimals', 3)
(u'punchablefaces', u'Feminism', 5)
(u'punchablefaces', u'AskReddit', 5)
(u'punchablefaces', u'bestof', 2)
(u'punchablefaces', u'trashy', 2)
(u'punchablefaces', u'news', 3)
(u'punchablefaces', u'todayilearned', 3)
(u'punchablefaces', u'Music', 4)
(u'punchablefaces', u'explainlikeimfive', 2)
(u'punchablefaces', u'videos', 3)
(u'punchablefaces', u'technology', 2)
(u'KotakuInAction', u'MensRights', 2)
(u'KotakuInAction', u'TheRedPill', 2)
(u'technology', u'exmuslim', 2)
(u'technology', u'australia', 2)
(u'technology', u'AdviceAnimals', 3)
(u'technology', u'MechanicalKeyboards', 2)
(u'technology', u'Feminism', 4)
(u'technology', u'AskReddit', 3)
(u'technology', u'worldnews', 2)
(u'technology', u'news', 3)
(u'technology', u'todayilearned', 3)
(u'technology', u'Music', 2)
(u'technology', u'worldpolitics', 2)
(u'technology', u'TheRedPill', 2)
(u'technology', u'punchablefaces', 2)
(u'technology', u'videos', 3)
(u'technology', u'nottheonion', 2)
(u'technology', u'gaming', 2)
(u'starcraft', u'Feminism', 3)
(u'starcraft', u'funny', 2)
(u'starcraft', u'AskReddit', 2)
(u'starcraft', u'pics', 2)
(u'funny', u'cringepics', 2)
(u'funny', u'dataisbeautiful', 2)
(u'funny', u'relationships', 2)
(u'funny', u'woahdude', 2)
(u'funny', u'WTF', 5)
(u'funny', u'Fitness', 2)
(u'funny', u'gifs', 3)
(u'funny', u'AskReddit', 14)
(u'funny', u'mildlyinteresting', 2)
(u'funny', u'books', 2)
(u'funny', u'TwoXChromosomes', 2)
(u'funny', u'Feminism', 9)
(u'funny', u'wow', 2)
(u'funny', u'AdviceAnimals', 9)
(u'funny', u'worldnews', 5)
(u'funny', u'pcmasterrace', 3)
(u'funny', u'news', 2)
(u'funny', u'programming', 2)
(u'funny', u'pics', 10)
(u'funny', u'buildapc', 2)
(u'funny', u'todayilearned', 7)
(u'funny', u'jailbreak', 2)
(u'funny', u'Music', 4)
(u'funny', u'TrollXChromosomes', 2)
(u'funny', u'sports', 2)
(u'funny', u'explainlikeimfive', 3)
(u'funny', u'asoiaf', 2)
(u'funny', u'science', 3)
(u'funny', u'TheRedPill', 5)
(u'funny', u'movies', 2)
(u'funny', u'videos', 5)
(u'funny', u'politics', 4)
(u'funny', u'starcraft', 2)
(u'funny', u'gaming', 5)
(u'funny', u'aww', 2)
(u'funny', u'atheism', 3)
(u'Anarchism', u'Music', 2)
(u'Anarchism', u'politics', 2)
(u'Anarchism', u'socialism', 2)
(u'Anarchism', u'atheism', 2)
(u'Portland', u'TheRedPill', 2)
(u'PublicFreakout', u'TheRedPill', 2)
(u'Pets', u'AskReddit', 2)
(u'exmuslim', u'MechanicalKeyboards', 2)
(u'exmuslim', u'todayilearned', 2)
(u'exmuslim', u'technology', 2)
(u'exmuslim', u'firstworldproblems', 2)
(u'exmuslim', u'gaming', 2)
(u'exmuslim', u'australia', 2)
(u'exmuslim', u'TheRedPill', 2)
(u'exmuslim', u'AskReddit', 2)
(u'woahdude', u'videos', 2)
(u'woahdude', u'funny', 2)
(u'woahdude', u'AdviceAnimals', 2)
(u'woahdude', u'AskReddit', 2)
(u'offmychest', u'TheRedPill', 2)
(u'offmychest', u'Music', 2)
(u'offmychest', u'TheBluePill', 2)
(u'offmychest', u'seduction', 2)
(u'offmychest', u'news', 2)
(u'offmychest', u'AskMen', 2)
(u'australia', u'exmuslim', 2)
(u'australia', u'leagueoflegends', 2)
(u'australia', u'AskReddit', 3)
(u'australia', u'AdviceAnimals', 2)
(u'australia', u'worldnews', 3)
(u'australia', u'todayilearned', 2)
(u'australia', u'Drugs', 3)
(u'australia', u'TheRedPill', 3)
(u'australia', u'videos', 2)
(u'australia', u'technology', 2)
(u'cringepics', u'Feminism', 2)
(u'cringepics', u'funny', 2)
(u'cringepics', u'WTF', 2)
(u'cringepics', u'explainlikeimfive', 2)
(u'cringepics', u'science', 2)
(u'cringepics', u'AskReddit', 3)
(u'gifs', u'todayilearned', 3)
(u'gifs', u'AskReddit', 5)
(u'gifs', u'mildlyinteresting', 2)
(u'gifs', u'TwoXChromosomes', 2)
(u'gifs', u'Feminism', 3)
(u'gifs', u'AdviceAnimals', 5)
(u'gifs', u'worldnews', 2)
(u'gifs', u'pics', 5)
(u'gifs', u'explainlikeimfive', 2)
(u'gifs', u'TheRedPill', 4)
(u'gifs', u'movies', 2)
(u'gifs', u'videos', 3)
(u'gifs', u'funny', 3)
(u'gifs', u'gaming', 2)
(u'gifs', u'aww', 3)
(u'gifs', u'short', 2)
(u'4chan', u'dataisbeautiful', 2)
(u'4chan', u'politics', 2)
(u'4chan', u'worldnews', 2)
(u'4chan', u'TheRedPill', 3)
(u'4chan', u'AskReddit', 2)
(u'AskReddit', u'asoiaf', 2)
(u'AskReddit', u'relationships', 8)
(u'AskReddit', u'Showerthoughts', 2)
(u'AskReddit', u'CrappyDesign', 2)
(u'AskReddit', u'techsupport', 2)
(u'AskReddit', u'Libertarian', 2)
(u'AskReddit', u'worldnews', 11)
(u'AskReddit', u'personalfinance', 4)
(u'AskReddit', u'pics', 14)
(u'AskReddit', u'todayilearned', 15)
(u'AskReddit', u'jailbreak', 2)
(u'AskReddit', u'Health', 2)
(u'AskReddit', u'Drugs', 3)
(u'AskReddit', u'sports', 2)
(u'AskReddit', u'LifeProTips', 2)
(u'AskReddit', u'AskMen', 3)
(u'AskReddit', u'science', 8)
(u'AskReddit', u'movies', 3)
(u'AskReddit', u'asktrp', 2)
(u'AskReddit', u'im14andthisisdeep', 2)
(u'AskReddit', u'economy', 2)
(u'AskReddit', u'gaming', 7)
(u'AskReddit', u'law', 2)
(u'AskReddit', u'short', 2)
(u'AskReddit', u'Shitstatistssay', 2)
(u'AskReddit', u'ImGoingToHellForThis', 3)
(u'AskReddit', u'dataisbeautiful', 3)
(u'AskReddit', u'LucidDreaming', 3)
(u'AskReddit', u'Documentaries', 2)
(u'AskReddit', u'WTF', 9)
(u'AskReddit', u'MensRights', 6)
(u'AskReddit', u'childfree', 2)
(u'AskReddit', u'AdviceAnimals', 16)
(u'AskReddit', u'mildlyinteresting', 3)
(u'AskReddit', u'TrollXChromosomes', 3)
(u'AskReddit', u'books', 4)
(u'AskReddit', u'TwoXChromosomes', 7)
(u'AskReddit', u'Feminism', 22)
(u'AskReddit', u'canada', 2)
(u'AskReddit', u'leagueoflegends', 2)
(u'AskReddit', u'bestof', 3)
(u'AskReddit', u'trashy', 3)
(u'AskReddit', u'programming', 2)
(u'AskReddit', u'classicalmusic', 2)
(u'AskReddit', u'MGTOW', 2)
(u'AskReddit', u'explainlikeimfive', 7)
(u'AskReddit', u'television', 2)
(u'AskReddit', u'TheRedPill', 17)
(u'AskReddit', u'russia', 2)
(u'AskReddit', u'reddit.com', 2)
(u'AskReddit', u'aww', 4)
(u'AskReddit', u'crochet', 2)
(u'AskReddit', u'hearthstone', 2)
(u'AskReddit', u'TumblrInAction', 3)
(u'AskReddit', u'booksuggestions', 2)
(u'AskReddit', u'classicalguitar', 2)
(u'AskReddit', u'JusticePorn', 2)
(u'AskReddit', u'trees', 4)
(u'AskReddit', u'Fitness', 3)
(u'AskReddit', u'beards', 2)
(u'AskReddit', u'worldpolitics', 2)
(u'AskReddit', u'cringe', 3)
(u'AskReddit', u'AskWomen', 4)
(u'AskReddit', u'sex', 4)
(u'AskReddit', u'changemyview', 3)
(u'AskReddit', u'Android', 2)
(u'AskReddit', u'wow', 3)
(u'AskReddit', u'AskCulinary', 2)
(u'AskReddit', u'pcmasterrace', 3)
(u'AskReddit', u'AskFeminists', 2)
(u'AskReddit', u'casualiama', 2)
(u'AskReddit', u'news', 7)
(u'AskReddit', u'GetMotivated', 2)
(u'AskReddit', u'buildapc', 3)
(u'AskReddit', u'Music', 9)
(u'AskReddit', u'startrek', 2)
(u'AskReddit', u'femalefashionadvice', 2)
(u'AskReddit', u'Guitar', 2)
(u'AskReddit', u'woahdude', 2)
(u'AskReddit', u'socialism', 4)
(u'AskReddit', u'punchablefaces', 5)
(u'AskReddit', u'technology', 3)
(u'AskReddit', u'starcraft', 2)
(u'AskReddit', u'funny', 14)
(u'AskReddit', u'knitting', 2)
(u'AskReddit', u'Pets', 2)
(u'AskReddit', u'exmuslim', 2)
(u'AskReddit', u'australia', 3)
(u'AskReddit', u'cringepics', 3)
(u'AskReddit', u'gifs', 5)
(u'AskReddit', u'4chan', 2)
(u'AskReddit', u'interestingasfuck', 2)
(u'AskReddit', u'SkincareAddiction', 2)
(u'AskReddit', u'DeadBedrooms', 2)
(u'AskReddit', u'circlejerk', 3)
(u'AskReddit', u'Frugal', 2)
(u'AskReddit', u'tifu', 6)
(u'AskReddit', u'loseit', 2)
(u'AskReddit', u'CrazyIdeas', 2)
(u'AskReddit', u'cats', 2)
(u'AskReddit', u'comics', 2)
(u'AskReddit', u'videos', 12)
(u'AskReddit', u'politics', 9)
(u'AskReddit', u'ForeverAlone', 2)
(u'AskReddit', u'nottheonion', 4)
(u'AskReddit', u'atheism', 6)
(u'MechanicalKeyboards', u'technology', 2)
(u'MechanicalKeyboards', u'exmuslim', 2)
(u'MechanicalKeyboards', u'firstworldproblems', 2)
(u'MechanicalKeyboards', u'Feminism', 2)
(u'interestingasfuck', u'todayilearned', 2)
(u'interestingasfuck', u'explainlikeimfive', 2)
(u'interestingasfuck', u'beards', 2)
(u'interestingasfuck', u'pics', 2)
(u'interestingasfuck', u'AskReddit', 2)
(u'SkincareAddiction', u'relationships', 2)
(u'SkincareAddiction', u'AskReddit', 2)
(u'SkincareAddiction', u'personalfinance', 2)
(u'SkincareAddiction', u'Feminism', 2)
(u'SkincareAddiction', u'TumblrInAction', 2)
(u'DeadBedrooms', u'TheRedPill', 2)
(u'DeadBedrooms', u'AskReddit', 2)
(u'Economics', u'politics', 2)
(u'Economics', u'Feminism', 2)
(u'Economics', u'economy', 2)
(u'circlejerk', u'politics', 3)
(u'circlejerk', u'pics', 3)
(u'circlejerk', u'Feminism', 4)
(u'circlejerk', u'WTF', 2)
(u'circlejerk', u'gaming', 2)
(u'circlejerk', u'OkCupid', 2)
(u'circlejerk', u'TheRedPill', 2)
(u'circlejerk', u'AskReddit', 3)
(u'circlejerk', u'socialism', 3)
(u'OkCupid', u'Music', 2)
(u'OkCupid', u'Feminism', 2)
(u'OkCupid', u'ForeverAlone', 2)
(u'OkCupid', u'circlejerk', 2)
(u'OkCupid', u'dating_advice', 2)
(u'OkCupid', u'TheRedPill', 2)
(u'OkCupid', u'pics', 2)
(u'OkCupid', u'AdviceAnimals', 2)
(u'OkCupid', u'socialism', 2)
(u'transhumanism', u'politics', 2)
(u'transhumanism', u'Feminism', 2)
(u'Frugal', u'Feminism', 2)
(u'Frugal', u'AskReddit', 2)
(u'Frugal', u'pics', 2)
(u'applehelp', u'Feminism', 2)
(u'applehelp', u'movies', 2)
(u'TrollXChromosomes', u'AdviceAnimals', 2)
(u'TrollXChromosomes', u'techsupport', 2)
(u'TrollXChromosomes', u'Feminism', 3)
(u'TrollXChromosomes', u'wow', 2)
(u'TrollXChromosomes', u'AskReddit', 3)
(u'TrollXChromosomes', u'AskCulinary', 2)
(u'TrollXChromosomes', u'explainlikeimfive', 2)
(u'TrollXChromosomes', u'funny', 2)
(u'TrollXChromosomes', u'atheism', 2)
(u'tifu', u'relationships', 3)
(u'tifu', u'AskReddit', 6)
(u'tifu', u'TwoXChromosomes', 3)
(u'tifu', u'worldnews', 2)
(u'tifu', u'news', 2)
(u'tifu', u'pics', 2)
(u'tifu', u'todayilearned', 2)
(u'tifu', u'Music', 3)
(u'tifu', u'worldpolitics', 2)
(u'tifu', u'TheRedPill', 4)
(u'tifu', u'videos', 2)
(u'tifu', u'politics', 2)
(u'tifu', u'Feminism', 3)
(u'tifu', u'hearthstone', 2)
(u'tifu', u'TumblrInAction', 2)
(u'loseit', u'Feminism', 2)
(u'loseit', u'AskReddit', 2)
(u'loseit', u'Fitness', 2)
(u'loseit', u'pics', 2)
(u'CrazyIdeas', u'todayilearned', 2)
(u'CrazyIdeas', u'AdviceAnimals', 2)
(u'CrazyIdeas', u'AskReddit', 2)
(u'SquaredCircle', u'TheRedPill', 2)
(u'cats', u'Feminism', 2)
(u'cats', u'atheism', 2)
(u'cats', u'AskReddit', 2)
(u'comics', u'Feminism', 2)
(u'comics', u'wow', 2)
(u'comics', u'AskReddit', 2)
(u'videos', u'relationships', 3)
(u'videos', u'WTF', 6)
(u'videos', u'MensRights', 2)
(u'videos', u'australia', 2)
(u'videos', u'JusticePorn', 2)
(u'videos', u'GrandTheftAutoV', 2)
(u'videos', u'gifs', 3)
(u'videos', u'AskReddit', 12)
(u'videos', u'cringe', 2)
(u'videos', u'books', 2)
(u'videos', u'TwoXChromosomes', 2)
(u'videos', u'Android', 2)
(u'videos', u'Feminism', 7)
(u'videos', u'trashy', 2)
(u'videos', u'AdviceAnimals', 9)
(u'videos', u'worldnews', 4)
(u'videos', u'bestof', 2)
(u'videos', u'news', 5)
(u'videos', u'punchablefaces', 3)
(u'videos', u'pics', 4)
(u'videos', u'Documentaries', 2)
(u'videos', u'todayilearned', 7)
(u'videos', u'jailbreak', 2)
(u'videos', u'Music', 6)
(u'videos', u'startrek', 2)
(u'videos', u'tifu', 2)
(u'videos', u'woahdude', 2)
(u'videos', u'LifeProTips', 2)
(u'videos', u'television', 2)
(u'videos', u'explainlikeimfive', 2)
(u'videos', u'science', 2)
(u'videos', u'TheRedPill', 7)
(u'videos', u'movies', 3)
(u'videos', u'politics', 3)
(u'videos', u'technology', 3)
(u'videos', u'funny', 5)
(u'videos', u'gaming', 3)
(u'videos', u'aww', 2)
(u'videos', u'atheism', 3)
(u'politics', u'dataisbeautiful', 4)
(u'politics', u'Documentaries', 2)
(u'politics', u'WTF', 3)
(u'politics', u'MensRights', 2)
(u'politics', u'4chan', 2)
(u'politics', u'AskReddit', 9)
(u'politics', u'Anarchism', 2)
(u'politics', u'Libertarian', 2)
(u'politics', u'books', 2)
(u'politics', u'changemyview', 2)
(u'politics', u'TwoXChromosomes', 2)
(u'politics', u'AdviceAnimals', 3)
(u'politics', u'worldnews', 5)
(u'politics', u'Economics', 2)
(u'politics', u'circlejerk', 3)
(u'politics', u'transhumanism', 2)
(u'politics', u'news', 4)
(u'politics', u'pics', 5)
(u'politics', u'TrueReddit', 2)
(u'politics', u'todayilearned', 4)
(u'politics', u'Music', 3)
(u'politics', u'tifu', 2)
(u'politics', u'Guitar', 2)
(u'politics', u'science', 3)
(u'politics', u'TheRedPill', 4)
(u'politics', u'socialism', 4)
(u'politics', u'videos', 3)
(u'politics', u'funny', 4)
(u'politics', u'IAmA', 2)
(u'politics', u'Feminism', 8)
(u'politics', u'nottheonion', 3)
(u'politics', u'economy', 2)
(u'politics', u'atheism', 3)
(u'politics', u'TumblrInAction', 2)
(u'ForeverAlone', u'TheRedPill', 3)
(u'ForeverAlone', u'PurplePillDebate', 2)
(u'ForeverAlone', u'AdviceAnimals', 2)
(u'ForeverAlone', u'OkCupid', 2)
(u'ForeverAlone', u'AskMen', 2)
(u'ForeverAlone', u'AskReddit', 2)
(u'nottheonion', u'TwoXChromosomes', 2)
(u'nottheonion', u'TrueReddit', 2)
(u'nottheonion', u'changemyview', 2)
(u'nottheonion', u'politics', 3)
(u'nottheonion', u'technology', 2)
(u'nottheonion', u'Feminism', 5)
(u'nottheonion', u'LucidDreaming', 2)
(u'nottheonion', u'worldnews', 3)
(u'nottheonion', u'MensRights', 2)
(u'nottheonion', u'trashy', 2)
(u'nottheonion', u'news', 2)
(u'nottheonion', u'science', 2)
(u'nottheonion', u'AskReddit', 4)
(u'Tinder', u'TheRedPill', 2)
(u'atheism', u'WTF', 3)
(u'atheism', u'trees', 2)
(u'atheism', u'AskReddit', 6)
(u'atheism', u'TrollXChromosomes', 2)
(u'atheism', u'books', 2)
(u'atheism', u'wow', 2)
(u'atheism', u'AdviceAnimals', 2)
(u'atheism', u'programming', 2)
(u'atheism', u'pics', 4)
(u'atheism', u'todayilearned', 3)
(u'atheism', u'Music', 4)
(u'atheism', u'cats', 2)
(u'atheism', u'science', 3)
(u'atheism', u'TheRedPill', 2)
(u'atheism', u'socialism', 2)
(u'atheism', u'videos', 3)
(u'atheism', u'politics', 3)
(u'atheism', u'funny', 3)
(u'atheism', u'IAmA', 2)
(u'atheism', u'Feminism', 7)
(u'atheism', u'Anarchism', 2)
